{"/Users/matifuentes/Workspace/ccplus/backend-ts/test-body-parse.js": {"path":"/Users/matifuentes/Workspace/ccplus/backend-ts/test-body-parse.js","all":true,"statementMap":{"0":{"start":{"line":1,"column":0},"end":{"line":1,"column":30}},"1":{"start":{"line":2,"column":0},"end":{"line":2,"column":0}},"2":{"start":{"line":3,"column":0},"end":{"line":3,"column":22}},"3":{"start":{"line":4,"column":0},"end":{"line":4,"column":24}},"4":{"start":{"line":5,"column":0},"end":{"line":5,"column":0}},"5":{"start":{"line":6,"column":0},"end":{"line":6,"column":32}},"6":{"start":{"line":7,"column":0},"end":{"line":7,"column":53}},"7":{"start":{"line":8,"column":0},"end":{"line":8,"column":51}},"8":{"start":{"line":9,"column":0},"end":{"line":9,"column":39}},"9":{"start":{"line":10,"column":0},"end":{"line":10,"column":89}},"10":{"start":{"line":11,"column":0},"end":{"line":11,"column":2}},"11":{"start":{"line":12,"column":0},"end":{"line":12,"column":25}},"12":{"start":{"line":13,"column":0},"end":{"line":13,"column":79}},"13":{"start":{"line":14,"column":0},"end":{"line":14,"column":57}},"14":{"start":{"line":15,"column":0},"end":{"line":15,"column":11}},"15":{"start":{"line":16,"column":0},"end":{"line":16,"column":3}},"16":{"start":{"line":17,"column":0},"end":{"line":17,"column":63}},"17":{"start":{"line":18,"column":0},"end":{"line":18,"column":3}},"18":{"start":{"line":19,"column":0},"end":{"line":19,"column":0}},"19":{"start":{"line":20,"column":0},"end":{"line":20,"column":36}},"20":{"start":{"line":21,"column":0},"end":{"line":21,"column":37}},"21":{"start":{"line":22,"column":0},"end":{"line":22,"column":45}},"22":{"start":{"line":23,"column":0},"end":{"line":23,"column":2}},"23":{"start":{"line":24,"column":0},"end":{"line":24,"column":20}},"24":{"start":{"line":25,"column":0},"end":{"line":25,"column":42}},"25":{"start":{"line":26,"column":0},"end":{"line":26,"column":18}},"26":{"start":{"line":27,"column":0},"end":{"line":27,"column":51}},"27":{"start":{"line":28,"column":0},"end":{"line":28,"column":16}},"28":{"start":{"line":29,"column":0},"end":{"line":29,"column":45}},"29":{"start":{"line":30,"column":0},"end":{"line":30,"column":37}},"30":{"start":{"line":31,"column":0},"end":{"line":31,"column":20}},"31":{"start":{"line":32,"column":0},"end":{"line":32,"column":16}},"32":{"start":{"line":33,"column":0},"end":{"line":33,"column":32}},"33":{"start":{"line":34,"column":0},"end":{"line":34,"column":4}},"34":{"start":{"line":35,"column":0},"end":{"line":35,"column":27}},"35":{"start":{"line":36,"column":0},"end":{"line":36,"column":51}},"36":{"start":{"line":37,"column":0},"end":{"line":37,"column":20}},"37":{"start":{"line":38,"column":0},"end":{"line":38,"column":54}},"38":{"start":{"line":39,"column":0},"end":{"line":39,"column":30}},"39":{"start":{"line":40,"column":0},"end":{"line":40,"column":7}},"40":{"start":{"line":41,"column":0},"end":{"line":41,"column":16}},"41":{"start":{"line":42,"column":0},"end":{"line":42,"column":50}},"42":{"start":{"line":43,"column":0},"end":{"line":43,"column":37}},"43":{"start":{"line":44,"column":0},"end":{"line":44,"column":20}},"44":{"start":{"line":45,"column":0},"end":{"line":45,"column":16}},"45":{"start":{"line":46,"column":0},"end":{"line":46,"column":32}},"46":{"start":{"line":47,"column":0},"end":{"line":47,"column":4}},"47":{"start":{"line":48,"column":0},"end":{"line":48,"column":24}},"48":{"start":{"line":49,"column":0},"end":{"line":49,"column":51}},"49":{"start":{"line":50,"column":0},"end":{"line":50,"column":20}},"50":{"start":{"line":51,"column":0},"end":{"line":51,"column":54}},"51":{"start":{"line":52,"column":0},"end":{"line":52,"column":42}},"52":{"start":{"line":53,"column":0},"end":{"line":53,"column":7}},"53":{"start":{"line":54,"column":0},"end":{"line":54,"column":16}},"54":{"start":{"line":55,"column":0},"end":{"line":55,"column":47}},"55":{"start":{"line":56,"column":0},"end":{"line":56,"column":37}},"56":{"start":{"line":57,"column":0},"end":{"line":57,"column":20}},"57":{"start":{"line":58,"column":0},"end":{"line":58,"column":16}},"58":{"start":{"line":59,"column":0},"end":{"line":59,"column":32}},"59":{"start":{"line":60,"column":0},"end":{"line":60,"column":19}},"60":{"start":{"line":61,"column":0},"end":{"line":61,"column":19}},"61":{"start":{"line":62,"column":0},"end":{"line":62,"column":33}},"62":{"start":{"line":63,"column":0},"end":{"line":63,"column":19}},"63":{"start":{"line":64,"column":0},"end":{"line":64,"column":5}},"64":{"start":{"line":65,"column":0},"end":{"line":65,"column":3}}},"s":{"0":0,"1":0,"2":0,"3":0,"4":0,"5":0,"6":0,"7":0,"8":0,"9":0,"10":0,"11":0,"12":0,"13":0,"14":0,"15":0,"16":0,"17":0,"18":0,"19":0,"20":0,"21":0,"22":0,"23":0,"24":0,"25":0,"26":0,"27":0,"28":0,"29":0,"30":0,"31":0,"32":0,"33":0,"34":0,"35":0,"36":0,"37":0,"38":0,"39":0,"40":0,"41":0,"42":0,"43":0,"44":0,"45":0,"46":0,"47":0,"48":0,"49":0,"50":0,"51":0,"52":0,"53":0,"54":0,"55":0,"56":0,"57":0,"58":0,"59":0,"60":0,"61":0,"62":0,"63":0,"64":0},"branchMap":{"0":{"type":"branch","line":1,"loc":{"start":{"line":1,"column":0},"end":{"line":65,"column":-108}},"locations":[{"start":{"line":1,"column":0},"end":{"line":65,"column":-108}}]}},"b":{"0":[0]},"fnMap":{"0":{"name":"(empty-report)","decl":{"start":{"line":1,"column":0},"end":{"line":65,"column":-108}},"loc":{"start":{"line":1,"column":0},"end":{"line":65,"column":-108}},"line":1}},"f":{"0":0}}
,"/Users/matifuentes/Workspace/ccplus/backend-ts/vitest.config.ts": {"path":"/Users/matifuentes/Workspace/ccplus/backend-ts/vitest.config.ts","all":true,"statementMap":{"0":{"start":{"line":1,"column":0},"end":{"line":1,"column":45}},"2":{"start":{"line":3,"column":0},"end":{"line":3,"column":29}},"3":{"start":{"line":4,"column":0},"end":{"line":4,"column":9}},"4":{"start":{"line":5,"column":0},"end":{"line":5,"column":18}},"5":{"start":{"line":6,"column":0},"end":{"line":6,"column":24}},"7":{"start":{"line":8,"column":0},"end":{"line":8,"column":10}},"8":{"start":{"line":9,"column":0},"end":{"line":9,"column":38}},"9":{"start":{"line":10,"column":0},"end":{"line":10,"column":89}},"10":{"start":{"line":11,"column":0},"end":{"line":11,"column":6}},"12":{"start":{"line":13,"column":0},"end":{"line":13,"column":46}},"14":{"start":{"line":15,"column":0},"end":{"line":15,"column":18}},"15":{"start":{"line":16,"column":0},"end":{"line":16,"column":18}},"16":{"start":{"line":17,"column":0},"end":{"line":17,"column":14}},"17":{"start":{"line":18,"column":0},"end":{"line":18,"column":25}},"18":{"start":{"line":19,"column":0},"end":{"line":19,"column":8}},"19":{"start":{"line":20,"column":0},"end":{"line":20,"column":6}},"20":{"start":{"line":21,"column":0},"end":{"line":21,"column":15}},"21":{"start":{"line":22,"column":0},"end":{"line":22,"column":21}},"22":{"start":{"line":23,"column":0},"end":{"line":23,"column":41}},"23":{"start":{"line":24,"column":0},"end":{"line":24,"column":16}},"24":{"start":{"line":25,"column":0},"end":{"line":25,"column":24}},"25":{"start":{"line":26,"column":0},"end":{"line":26,"column":16}},"26":{"start":{"line":27,"column":0},"end":{"line":27,"column":23}},"27":{"start":{"line":28,"column":0},"end":{"line":28,"column":26}},"28":{"start":{"line":29,"column":0},"end":{"line":29,"column":8}},"29":{"start":{"line":30,"column":0},"end":{"line":30,"column":6}},"30":{"start":{"line":31,"column":0},"end":{"line":31,"column":4}},"31":{"start":{"line":32,"column":0},"end":{"line":32,"column":3}}},"s":{"0":0,"2":0,"3":0,"4":0,"5":0,"7":0,"8":0,"9":0,"10":0,"12":0,"14":0,"15":0,"16":0,"17":0,"18":0,"19":0,"20":0,"21":0,"22":0,"23":0,"24":0,"25":0,"26":0,"27":0,"28":0,"29":0,"30":0,"31":0},"branchMap":{"0":{"type":"branch","line":1,"loc":{"start":{"line":1,"column":0},"end":{"line":32,"column":-90}},"locations":[{"start":{"line":1,"column":0},"end":{"line":32,"column":-90}}]}},"b":{"0":[0]},"fnMap":{"0":{"name":"(empty-report)","decl":{"start":{"line":1,"column":0},"end":{"line":32,"column":-90}},"loc":{"start":{"line":1,"column":0},"end":{"line":32,"column":-90}},"line":1}},"f":{"0":0}}
,"/Users/matifuentes/Workspace/ccplus/backend-ts/src/auth.ts": {"path":"/Users/matifuentes/Workspace/ccplus/backend-ts/src/auth.ts","all":false,"statementMap":{"0":{"start":{"line":1,"column":0},"end":{"line":1,"column":31}},"4":{"start":{"line":5,"column":0},"end":{"line":5,"column":47}},"13":{"start":{"line":14,"column":0},"end":{"line":14,"column":30}},"14":{"start":{"line":15,"column":0},"end":{"line":15,"column":17}},"15":{"start":{"line":16,"column":0},"end":{"line":16,"column":46}},"16":{"start":{"line":17,"column":0},"end":{"line":17,"column":11}},"17":{"start":{"line":18,"column":0},"end":{"line":18,"column":44}},"18":{"start":{"line":19,"column":0},"end":{"line":19,"column":19}},"19":{"start":{"line":20,"column":0},"end":{"line":20,"column":20}},"20":{"start":{"line":21,"column":0},"end":{"line":21,"column":13}},"21":{"start":{"line":22,"column":0},"end":{"line":22,"column":29}},"22":{"start":{"line":23,"column":0},"end":{"line":23,"column":18}},"23":{"start":{"line":24,"column":0},"end":{"line":24,"column":4}},"24":{"start":{"line":25,"column":0},"end":{"line":25,"column":70}},"25":{"start":{"line":26,"column":0},"end":{"line":26,"column":1}},"33":{"start":{"line":34,"column":0},"end":{"line":34,"column":59}},"34":{"start":{"line":35,"column":0},"end":{"line":35,"column":7}},"35":{"start":{"line":36,"column":0},"end":{"line":36,"column":58}},"36":{"start":{"line":37,"column":0},"end":{"line":37,"column":28}},"37":{"start":{"line":38,"column":0},"end":{"line":38,"column":11}},"41":{"start":{"line":42,"column":0},"end":{"line":42,"column":35}},"42":{"start":{"line":43,"column":0},"end":{"line":43,"column":11}},"43":{"start":{"line":44,"column":0},"end":{"line":44,"column":16}},"44":{"start":{"line":45,"column":0},"end":{"line":45,"column":3}},"45":{"start":{"line":46,"column":0},"end":{"line":46,"column":1}},"54":{"start":{"line":55,"column":0},"end":{"line":55,"column":44}},"55":{"start":{"line":56,"column":0},"end":{"line":56,"column":27}},"56":{"start":{"line":57,"column":0},"end":{"line":57,"column":16}},"57":{"start":{"line":58,"column":0},"end":{"line":58,"column":3}},"58":{"start":{"line":59,"column":0},"end":{"line":59,"column":44}},"59":{"start":{"line":60,"column":0},"end":{"line":60,"column":19}},"60":{"start":{"line":61,"column":0},"end":{"line":61,"column":21}},"61":{"start":{"line":62,"column":0},"end":{"line":62,"column":13}},"62":{"start":{"line":63,"column":0},"end":{"line":63,"column":36}},"63":{"start":{"line":64,"column":0},"end":{"line":64,"column":4}},"64":{"start":{"line":65,"column":0},"end":{"line":65,"column":70}},"65":{"start":{"line":66,"column":0},"end":{"line":66,"column":1}}},"s":{"0":1,"4":1,"13":1,"14":3,"15":3,"16":3,"17":3,"18":3,"19":3,"20":3,"21":3,"22":3,"23":3,"24":3,"25":3,"33":1,"34":42,"35":42,"36":42,"37":42,"41":42,"42":42,"43":7,"44":7,"45":42,"54":1,"55":25,"56":1,"57":1,"58":24,"59":24,"60":24,"61":24,"62":24,"63":24,"64":24,"65":24},"branchMap":{"0":{"type":"branch","line":14,"loc":{"start":{"line":14,"column":7},"end":{"line":26,"column":1}},"locations":[{"start":{"line":14,"column":7},"end":{"line":26,"column":1}}]},"1":{"type":"branch","line":34,"loc":{"start":{"line":34,"column":7},"end":{"line":46,"column":1}},"locations":[{"start":{"line":34,"column":7},"end":{"line":46,"column":1}}]},"2":{"type":"branch","line":42,"loc":{"start":{"line":42,"column":19},"end":{"line":42,"column":35}},"locations":[{"start":{"line":42,"column":19},"end":{"line":42,"column":35}}]},"3":{"type":"branch","line":43,"loc":{"start":{"line":43,"column":2},"end":{"line":45,"column":3}},"locations":[{"start":{"line":43,"column":2},"end":{"line":45,"column":3}}]},"4":{"type":"branch","line":55,"loc":{"start":{"line":55,"column":7},"end":{"line":66,"column":1}},"locations":[{"start":{"line":55,"column":7},"end":{"line":66,"column":1}}]},"5":{"type":"branch","line":56,"loc":{"start":{"line":56,"column":26},"end":{"line":58,"column":3}},"locations":[{"start":{"line":56,"column":26},"end":{"line":58,"column":3}}]},"6":{"type":"branch","line":58,"loc":{"start":{"line":58,"column":2},"end":{"line":66,"column":1}},"locations":[{"start":{"line":58,"column":2},"end":{"line":66,"column":1}}]}},"b":{"0":[3],"1":[42],"2":[0],"3":[7],"4":[25],"5":[1],"6":[24]},"fnMap":{"0":{"name":"generateToken","decl":{"start":{"line":14,"column":7},"end":{"line":26,"column":1}},"loc":{"start":{"line":14,"column":7},"end":{"line":26,"column":1}},"line":14},"1":{"name":"verifyToken","decl":{"start":{"line":34,"column":7},"end":{"line":46,"column":1}},"loc":{"start":{"line":34,"column":7},"end":{"line":46,"column":1}},"line":34},"2":{"name":"autoLogin","decl":{"start":{"line":55,"column":7},"end":{"line":66,"column":1}},"loc":{"start":{"line":55,"column":7},"end":{"line":66,"column":1}},"line":55}},"f":{"0":3,"1":42,"2":25}}
,"/Users/matifuentes/Workspace/ccplus/backend-ts/src/config.ts": {"path":"/Users/matifuentes/Workspace/ccplus/backend-ts/src/config.ts","all":false,"statementMap":{"0":{"start":{"line":1,"column":0},"end":{"line":1,"column":48}},"6":{"start":{"line":7,"column":0},"end":{"line":7,"column":72}},"8":{"start":{"line":9,"column":0},"end":{"line":9,"column":71}},"9":{"start":{"line":10,"column":0},"end":{"line":10,"column":56}},"10":{"start":{"line":11,"column":0},"end":{"line":11,"column":55}},"11":{"start":{"line":12,"column":0},"end":{"line":12,"column":68}},"14":{"start":{"line":15,"column":0},"end":{"line":15,"column":40}},"15":{"start":{"line":16,"column":0},"end":{"line":16,"column":25}},"16":{"start":{"line":17,"column":0},"end":{"line":17,"column":40}},"17":{"start":{"line":18,"column":0},"end":{"line":18,"column":3}},"18":{"start":{"line":19,"column":0},"end":{"line":19,"column":1}},"21":{"start":{"line":22,"column":0},"end":{"line":22,"column":56}},"22":{"start":{"line":23,"column":0},"end":{"line":23,"column":20}},"23":{"start":{"line":24,"column":0},"end":{"line":24,"column":5}},"24":{"start":{"line":25,"column":0},"end":{"line":25,"column":55}},"25":{"start":{"line":26,"column":0},"end":{"line":26,"column":9}},"27":{"start":{"line":28,"column":0},"end":{"line":28,"column":1}},"28":{"start":{"line":29,"column":0},"end":{"line":29,"column":31}},"30":{"start":{"line":31,"column":0},"end":{"line":31,"column":69}},"33":{"start":{"line":34,"column":0},"end":{"line":34,"column":94}},"34":{"start":{"line":35,"column":0},"end":{"line":35,"column":59}},"35":{"start":{"line":36,"column":0},"end":{"line":36,"column":52}},"36":{"start":{"line":37,"column":0},"end":{"line":37,"column":61}},"37":{"start":{"line":38,"column":0},"end":{"line":38,"column":91}},"38":{"start":{"line":39,"column":0},"end":{"line":39,"column":75}},"40":{"start":{"line":41,"column":0},"end":{"line":41,"column":53}},"41":{"start":{"line":42,"column":0},"end":{"line":42,"column":67}},"44":{"start":{"line":45,"column":0},"end":{"line":45,"column":36}},"45":{"start":{"line":46,"column":0},"end":{"line":46,"column":20}},"46":{"start":{"line":47,"column":0},"end":{"line":47,"column":18}},"47":{"start":{"line":48,"column":0},"end":{"line":48,"column":66}},"49":{"start":{"line":50,"column":0},"end":{"line":50,"column":6}},"50":{"start":{"line":51,"column":0},"end":{"line":51,"column":20}},"51":{"start":{"line":52,"column":0},"end":{"line":52,"column":10}},"52":{"start":{"line":53,"column":0},"end":{"line":53,"column":17}},"53":{"start":{"line":54,"column":0},"end":{"line":54,"column":67}},"55":{"start":{"line":56,"column":0},"end":{"line":56,"column":6}},"56":{"start":{"line":57,"column":0},"end":{"line":57,"column":3}},"57":{"start":{"line":58,"column":0},"end":{"line":58,"column":1}},"59":{"start":{"line":60,"column":0},"end":{"line":60,"column":43}},"60":{"start":{"line":61,"column":0},"end":{"line":61,"column":39}},"63":{"start":{"line":64,"column":0},"end":{"line":64,"column":70}},"66":{"start":{"line":67,"column":0},"end":{"line":67,"column":71}},"67":{"start":{"line":68,"column":0},"end":{"line":68,"column":52}},"68":{"start":{"line":69,"column":0},"end":{"line":69,"column":15}}},"s":{"0":1,"6":1,"8":1,"9":1,"10":1,"11":1,"14":1,"15":12,"16":0,"17":0,"18":12,"21":1,"22":1,"23":1,"24":1,"25":0,"27":0,"28":1,"30":1,"33":1,"34":1,"35":1,"36":1,"37":1,"38":1,"40":1,"41":1,"44":1,"45":1,"46":0,"47":0,"49":0,"50":0,"51":1,"52":1,"53":1,"55":1,"56":1,"57":1,"59":1,"60":1,"63":1,"66":1,"67":0,"68":1},"branchMap":{"0":{"type":"branch","line":15,"loc":{"start":{"line":15,"column":39},"end":{"line":19,"column":1}},"locations":[{"start":{"line":15,"column":39},"end":{"line":19,"column":1}}]},"1":{"type":"branch","line":16,"loc":{"start":{"line":16,"column":24},"end":{"line":18,"column":3}},"locations":[{"start":{"line":16,"column":24},"end":{"line":18,"column":3}}]},"2":{"type":"branch","line":26,"loc":{"start":{"line":26,"column":0},"end":{"line":28,"column":1}},"locations":[{"start":{"line":26,"column":0},"end":{"line":28,"column":1}}]},"3":{"type":"branch","line":34,"loc":{"start":{"line":34,"column":42},"end":{"line":34,"column":94}},"locations":[{"start":{"line":34,"column":42},"end":{"line":34,"column":94}}]},"4":{"type":"branch","line":35,"loc":{"start":{"line":35,"column":37},"end":{"line":35,"column":59}},"locations":[{"start":{"line":35,"column":37},"end":{"line":35,"column":59}}]},"5":{"type":"branch","line":37,"loc":{"start":{"line":37,"column":41},"end":{"line":37,"column":57}},"locations":[{"start":{"line":37,"column":41},"end":{"line":37,"column":57}}]},"6":{"type":"branch","line":38,"loc":{"start":{"line":38,"column":41},"end":{"line":38,"column":91}},"locations":[{"start":{"line":38,"column":41},"end":{"line":38,"column":91}}]},"7":{"type":"branch","line":39,"loc":{"start":{"line":39,"column":39},"end":{"line":39,"column":67}},"locations":[{"start":{"line":39,"column":39},"end":{"line":39,"column":67}}]},"8":{"type":"branch","line":42,"loc":{"start":{"line":42,"column":38},"end":{"line":42,"column":67}},"locations":[{"start":{"line":42,"column":38},"end":{"line":42,"column":67}}]},"9":{"type":"branch","line":46,"loc":{"start":{"line":46,"column":19},"end":{"line":52,"column":9}},"locations":[{"start":{"line":46,"column":19},"end":{"line":52,"column":9}}]},"10":{"type":"branch","line":67,"loc":{"start":{"line":67,"column":46},"end":{"line":68,"column":52}},"locations":[{"start":{"line":67,"column":46},"end":{"line":68,"column":52}}]}},"b":{"0":[12],"1":[0],"2":[0],"3":[0],"4":[0],"5":[0],"6":[0],"7":[0],"8":[0],"9":[0],"10":[0]},"fnMap":{},"f":{}}
,"/Users/matifuentes/Workspace/ccplus/backend-ts/src/database.ts": {"path":"/Users/matifuentes/Workspace/ccplus/backend-ts/src/database.ts","all":false,"statementMap":{"0":{"start":{"line":1,"column":0},"end":{"line":1,"column":38}},"4":{"start":{"line":5,"column":0},"end":{"line":5,"column":40}},"12":{"start":{"line":13,"column":0},"end":{"line":13,"column":33}},"13":{"start":{"line":14,"column":0},"end":{"line":14,"column":3}},"14":{"start":{"line":15,"column":0},"end":{"line":15,"column":15}},"15":{"start":{"line":16,"column":0},"end":{"line":16,"column":10}},"109":{"start":{"line":110,"column":0},"end":{"line":110,"column":4}},"110":{"start":{"line":111,"column":0},"end":{"line":111,"column":3}},"111":{"start":{"line":112,"column":0},"end":{"line":112,"column":15}},"112":{"start":{"line":113,"column":0},"end":{"line":113,"column":10}},"116":{"start":{"line":117,"column":0},"end":{"line":117,"column":4}},"117":{"start":{"line":118,"column":0},"end":{"line":118,"column":3}},"118":{"start":{"line":119,"column":0},"end":{"line":119,"column":15}},"119":{"start":{"line":120,"column":0},"end":{"line":120,"column":10}},"123":{"start":{"line":124,"column":0},"end":{"line":124,"column":4}},"124":{"start":{"line":125,"column":0},"end":{"line":125,"column":2}},"126":{"start":{"line":127,"column":0},"end":{"line":127,"column":71}},"128":{"start":{"line":129,"column":0},"end":{"line":129,"column":40}},"131":{"start":{"line":132,"column":0},"end":{"line":132,"column":28}},"133":{"start":{"line":134,"column":0},"end":{"line":134,"column":28}},"135":{"start":{"line":136,"column":0},"end":{"line":136,"column":50}},"138":{"start":{"line":139,"column":0},"end":{"line":139,"column":30}},"140":{"start":{"line":141,"column":0},"end":{"line":141,"column":36}},"142":{"start":{"line":143,"column":0},"end":{"line":143,"column":21}},"148":{"start":{"line":149,"column":0},"end":{"line":149,"column":9}},"149":{"start":{"line":150,"column":0},"end":{"line":150,"column":15}},"150":{"start":{"line":151,"column":0},"end":{"line":151,"column":5}},"153":{"start":{"line":154,"column":0},"end":{"line":154,"column":13}},"154":{"start":{"line":155,"column":0},"end":{"line":155,"column":3}},"157":{"start":{"line":158,"column":0},"end":{"line":158,"column":109}},"158":{"start":{"line":159,"column":0},"end":{"line":159,"column":20}},"159":{"start":{"line":160,"column":0},"end":{"line":160,"column":1}},"161":{"start":{"line":162,"column":0},"end":{"line":162,"column":61}},"162":{"start":{"line":163,"column":0},"end":{"line":163,"column":59}},"163":{"start":{"line":164,"column":0},"end":{"line":164,"column":81}},"165":{"start":{"line":166,"column":0},"end":{"line":166,"column":39}},"166":{"start":{"line":167,"column":0},"end":{"line":167,"column":11}},"167":{"start":{"line":168,"column":0},"end":{"line":168,"column":3}},"170":{"start":{"line":171,"column":0},"end":{"line":171,"column":29}},"171":{"start":{"line":172,"column":0},"end":{"line":172,"column":19}},"176":{"start":{"line":177,"column":0},"end":{"line":177,"column":7}},"177":{"start":{"line":178,"column":0},"end":{"line":178,"column":3}},"180":{"start":{"line":181,"column":0},"end":{"line":181,"column":46}},"181":{"start":{"line":182,"column":0},"end":{"line":182,"column":52}},"182":{"start":{"line":183,"column":0},"end":{"line":183,"column":11}},"183":{"start":{"line":184,"column":0},"end":{"line":184,"column":37}},"184":{"start":{"line":185,"column":0},"end":{"line":185,"column":21}},"186":{"start":{"line":187,"column":0},"end":{"line":187,"column":35}},"187":{"start":{"line":188,"column":0},"end":{"line":188,"column":56}},"188":{"start":{"line":189,"column":0},"end":{"line":189,"column":20}},"189":{"start":{"line":190,"column":0},"end":{"line":190,"column":9}},"190":{"start":{"line":191,"column":0},"end":{"line":191,"column":7}},"191":{"start":{"line":192,"column":0},"end":{"line":192,"column":97}},"192":{"start":{"line":193,"column":0},"end":{"line":193,"column":7}},"194":{"start":{"line":195,"column":0},"end":{"line":195,"column":18}},"195":{"start":{"line":196,"column":0},"end":{"line":196,"column":3}},"196":{"start":{"line":197,"column":0},"end":{"line":197,"column":1}},"198":{"start":{"line":199,"column":0},"end":{"line":199,"column":37}},"199":{"start":{"line":200,"column":0},"end":{"line":200,"column":12}},"200":{"start":{"line":201,"column":0},"end":{"line":201,"column":44}},"201":{"start":{"line":202,"column":0},"end":{"line":202,"column":36}},"202":{"start":{"line":203,"column":0},"end":{"line":203,"column":24}},"203":{"start":{"line":204,"column":0},"end":{"line":204,"column":3}},"204":{"start":{"line":205,"column":0},"end":{"line":205,"column":12}},"205":{"start":{"line":206,"column":0},"end":{"line":206,"column":1}},"207":{"start":{"line":208,"column":0},"end":{"line":208,"column":31}},"208":{"start":{"line":209,"column":0},"end":{"line":209,"column":11}},"209":{"start":{"line":210,"column":0},"end":{"line":210,"column":15}},"210":{"start":{"line":211,"column":0},"end":{"line":211,"column":14}},"211":{"start":{"line":212,"column":0},"end":{"line":212,"column":3}},"212":{"start":{"line":213,"column":0},"end":{"line":213,"column":1}},"216":{"start":{"line":217,"column":0},"end":{"line":217,"column":30}},"217":{"start":{"line":218,"column":0},"end":{"line":218,"column":20}},"218":{"start":{"line":219,"column":0},"end":{"line":219,"column":17}},"219":{"start":{"line":220,"column":0},"end":{"line":220,"column":15}},"220":{"start":{"line":221,"column":0},"end":{"line":221,"column":18}},"221":{"start":{"line":222,"column":0},"end":{"line":222,"column":24}},"222":{"start":{"line":223,"column":0},"end":{"line":223,"column":23}},"223":{"start":{"line":224,"column":0},"end":{"line":224,"column":22}},"224":{"start":{"line":225,"column":0},"end":{"line":225,"column":28}},"225":{"start":{"line":226,"column":0},"end":{"line":226,"column":20}},"226":{"start":{"line":227,"column":0},"end":{"line":227,"column":64}},"227":{"start":{"line":228,"column":0},"end":{"line":228,"column":26}},"230":{"start":{"line":231,"column":0},"end":{"line":231,"column":5}},"231":{"start":{"line":232,"column":0},"end":{"line":232,"column":113}},"232":{"start":{"line":233,"column":0},"end":{"line":233,"column":121}},"233":{"start":{"line":234,"column":0},"end":{"line":234,"column":13}},"234":{"start":{"line":235,"column":0},"end":{"line":235,"column":1}},"236":{"start":{"line":237,"column":0},"end":{"line":237,"column":96}},"237":{"start":{"line":238,"column":0},"end":{"line":238,"column":20}},"238":{"start":{"line":239,"column":0},"end":{"line":239,"column":21}},"239":{"start":{"line":240,"column":0},"end":{"line":240,"column":86}},"240":{"start":{"line":241,"column":0},"end":{"line":241,"column":45}},"241":{"start":{"line":242,"column":0},"end":{"line":242,"column":10}},"242":{"start":{"line":243,"column":0},"end":{"line":243,"column":66}},"243":{"start":{"line":244,"column":0},"end":{"line":244,"column":31}},"244":{"start":{"line":245,"column":0},"end":{"line":245,"column":3}},"245":{"start":{"line":246,"column":0},"end":{"line":246,"column":1}},"247":{"start":{"line":248,"column":0},"end":{"line":248,"column":106}},"248":{"start":{"line":249,"column":0},"end":{"line":249,"column":20}},"249":{"start":{"line":250,"column":0},"end":{"line":250,"column":26}},"254":{"start":{"line":255,"column":0},"end":{"line":255,"column":56}},"256":{"start":{"line":257,"column":0},"end":{"line":257,"column":28}},"257":{"start":{"line":258,"column":0},"end":{"line":258,"column":27}},"258":{"start":{"line":259,"column":0},"end":{"line":259,"column":55}},"259":{"start":{"line":260,"column":0},"end":{"line":260,"column":11}},"260":{"start":{"line":261,"column":0},"end":{"line":261,"column":70}},"261":{"start":{"line":262,"column":0},"end":{"line":262,"column":48}},"262":{"start":{"line":263,"column":0},"end":{"line":263,"column":15}},"263":{"start":{"line":264,"column":0},"end":{"line":264,"column":24}},"264":{"start":{"line":265,"column":0},"end":{"line":265,"column":7}},"265":{"start":{"line":266,"column":0},"end":{"line":266,"column":12}},"266":{"start":{"line":267,"column":0},"end":{"line":267,"column":22}},"267":{"start":{"line":268,"column":0},"end":{"line":268,"column":5}},"268":{"start":{"line":269,"column":0},"end":{"line":269,"column":15}},"269":{"start":{"line":270,"column":0},"end":{"line":270,"column":5}},"270":{"start":{"line":271,"column":0},"end":{"line":271,"column":1}},"274":{"start":{"line":275,"column":0},"end":{"line":275,"column":32}},"275":{"start":{"line":276,"column":0},"end":{"line":276,"column":20}},"276":{"start":{"line":277,"column":0},"end":{"line":277,"column":19}},"277":{"start":{"line":278,"column":0},"end":{"line":278,"column":20}},"278":{"start":{"line":279,"column":0},"end":{"line":279,"column":25}},"279":{"start":{"line":280,"column":0},"end":{"line":280,"column":21}},"280":{"start":{"line":281,"column":0},"end":{"line":281,"column":27}},"281":{"start":{"line":282,"column":0},"end":{"line":282,"column":24}},"282":{"start":{"line":283,"column":0},"end":{"line":283,"column":29}},"283":{"start":{"line":284,"column":0},"end":{"line":284,"column":55}},"284":{"start":{"line":285,"column":0},"end":{"line":285,"column":30}},"285":{"start":{"line":286,"column":0},"end":{"line":286,"column":31}},"286":{"start":{"line":287,"column":0},"end":{"line":287,"column":30}},"287":{"start":{"line":288,"column":0},"end":{"line":288,"column":28}},"288":{"start":{"line":289,"column":0},"end":{"line":289,"column":20}},"289":{"start":{"line":290,"column":0},"end":{"line":290,"column":68}},"290":{"start":{"line":291,"column":0},"end":{"line":291,"column":80}},"291":{"start":{"line":292,"column":0},"end":{"line":292,"column":11}},"292":{"start":{"line":293,"column":0},"end":{"line":293,"column":26}},"297":{"start":{"line":298,"column":0},"end":{"line":298,"column":5}},"298":{"start":{"line":299,"column":0},"end":{"line":299,"column":24}},"299":{"start":{"line":300,"column":0},"end":{"line":300,"column":35}},"300":{"start":{"line":301,"column":0},"end":{"line":301,"column":45}},"301":{"start":{"line":302,"column":0},"end":{"line":302,"column":73}},"302":{"start":{"line":303,"column":0},"end":{"line":303,"column":38}},"303":{"start":{"line":304,"column":0},"end":{"line":304,"column":58}},"304":{"start":{"line":305,"column":0},"end":{"line":305,"column":24}},"305":{"start":{"line":306,"column":0},"end":{"line":306,"column":4}},"306":{"start":{"line":307,"column":0},"end":{"line":307,"column":118}},"307":{"start":{"line":308,"column":0},"end":{"line":308,"column":13}},"308":{"start":{"line":309,"column":0},"end":{"line":309,"column":1}},"310":{"start":{"line":311,"column":0},"end":{"line":311,"column":32}},"311":{"start":{"line":312,"column":0},"end":{"line":312,"column":20}},"312":{"start":{"line":313,"column":0},"end":{"line":313,"column":20}},"313":{"start":{"line":314,"column":0},"end":{"line":314,"column":27}},"314":{"start":{"line":315,"column":0},"end":{"line":315,"column":24}},"315":{"start":{"line":316,"column":0},"end":{"line":316,"column":29}},"316":{"start":{"line":317,"column":0},"end":{"line":317,"column":26}},"317":{"start":{"line":318,"column":0},"end":{"line":318,"column":9}},"318":{"start":{"line":319,"column":0},"end":{"line":319,"column":20}},"319":{"start":{"line":320,"column":0},"end":{"line":320,"column":13}},"323":{"start":{"line":324,"column":0},"end":{"line":324,"column":9}},"324":{"start":{"line":325,"column":0},"end":{"line":325,"column":73}},"325":{"start":{"line":326,"column":0},"end":{"line":326,"column":76}},"326":{"start":{"line":327,"column":0},"end":{"line":327,"column":4}},"327":{"start":{"line":328,"column":0},"end":{"line":328,"column":1}},"329":{"start":{"line":330,"column":0},"end":{"line":330,"column":98}},"330":{"start":{"line":331,"column":0},"end":{"line":331,"column":20}},"331":{"start":{"line":332,"column":0},"end":{"line":332,"column":26}},"336":{"start":{"line":337,"column":0},"end":{"line":337,"column":56}},"338":{"start":{"line":339,"column":0},"end":{"line":339,"column":28}},"339":{"start":{"line":340,"column":0},"end":{"line":340,"column":29}},"340":{"start":{"line":341,"column":0},"end":{"line":341,"column":67}},"341":{"start":{"line":342,"column":0},"end":{"line":342,"column":11}},"342":{"start":{"line":343,"column":0},"end":{"line":343,"column":66}},"343":{"start":{"line":344,"column":0},"end":{"line":344,"column":15}},"345":{"start":{"line":346,"column":0},"end":{"line":346,"column":7}},"346":{"start":{"line":347,"column":0},"end":{"line":347,"column":5}},"347":{"start":{"line":348,"column":0},"end":{"line":348,"column":17}},"348":{"start":{"line":349,"column":0},"end":{"line":349,"column":5}},"349":{"start":{"line":350,"column":0},"end":{"line":350,"column":1}},"353":{"start":{"line":354,"column":0},"end":{"line":354,"column":136}},"354":{"start":{"line":355,"column":0},"end":{"line":355,"column":20}},"355":{"start":{"line":356,"column":0},"end":{"line":356,"column":95}},"356":{"start":{"line":357,"column":0},"end":{"line":357,"column":68}},"357":{"start":{"line":358,"column":0},"end":{"line":358,"column":73}},"359":{"start":{"line":360,"column":0},"end":{"line":360,"column":26}},"373":{"start":{"line":374,"column":0},"end":{"line":374,"column":33}},"377":{"start":{"line":378,"column":0},"end":{"line":378,"column":20}},"380":{"start":{"line":381,"column":0},"end":{"line":381,"column":49}},"382":{"start":{"line":383,"column":0},"end":{"line":383,"column":28}},"383":{"start":{"line":384,"column":0},"end":{"line":384,"column":29}},"384":{"start":{"line":385,"column":0},"end":{"line":385,"column":132}},"385":{"start":{"line":386,"column":0},"end":{"line":386,"column":89}},"386":{"start":{"line":387,"column":0},"end":{"line":387,"column":5}},"387":{"start":{"line":388,"column":0},"end":{"line":388,"column":17}},"388":{"start":{"line":389,"column":0},"end":{"line":389,"column":5}},"389":{"start":{"line":390,"column":0},"end":{"line":390,"column":1}},"391":{"start":{"line":392,"column":0},"end":{"line":392,"column":71}},"392":{"start":{"line":393,"column":0},"end":{"line":393,"column":20}},"393":{"start":{"line":394,"column":0},"end":{"line":394,"column":25}},"398":{"start":{"line":399,"column":0},"end":{"line":399,"column":62}},"399":{"start":{"line":400,"column":0},"end":{"line":400,"column":37}},"400":{"start":{"line":401,"column":0},"end":{"line":401,"column":1}},"402":{"start":{"line":403,"column":0},"end":{"line":403,"column":60}},"403":{"start":{"line":404,"column":0},"end":{"line":404,"column":20}},"404":{"start":{"line":405,"column":0},"end":{"line":405,"column":7}},"405":{"start":{"line":406,"column":0},"end":{"line":406,"column":91}},"406":{"start":{"line":407,"column":0},"end":{"line":407,"column":72}},"407":{"start":{"line":408,"column":0},"end":{"line":408,"column":16}},"408":{"start":{"line":409,"column":0},"end":{"line":409,"column":11}},"409":{"start":{"line":410,"column":0},"end":{"line":410,"column":17}},"410":{"start":{"line":411,"column":0},"end":{"line":411,"column":3}},"411":{"start":{"line":412,"column":0},"end":{"line":412,"column":1}},"415":{"start":{"line":416,"column":0},"end":{"line":416,"column":53}},"416":{"start":{"line":417,"column":0},"end":{"line":417,"column":20}},"417":{"start":{"line":418,"column":0},"end":{"line":418,"column":109}},"418":{"start":{"line":419,"column":0},"end":{"line":419,"column":103}},"420":{"start":{"line":421,"column":0},"end":{"line":421,"column":30}},"425":{"start":{"line":426,"column":0},"end":{"line":426,"column":53}},"427":{"start":{"line":428,"column":0},"end":{"line":428,"column":50}},"428":{"start":{"line":429,"column":0},"end":{"line":429,"column":31}},"429":{"start":{"line":430,"column":0},"end":{"line":430,"column":44}},"430":{"start":{"line":431,"column":0},"end":{"line":431,"column":3}},"432":{"start":{"line":433,"column":0},"end":{"line":433,"column":10}},"433":{"start":{"line":434,"column":0},"end":{"line":434,"column":44}},"434":{"start":{"line":435,"column":0},"end":{"line":435,"column":39}},"435":{"start":{"line":436,"column":0},"end":{"line":436,"column":33}},"436":{"start":{"line":437,"column":0},"end":{"line":437,"column":4}},"437":{"start":{"line":438,"column":0},"end":{"line":438,"column":1}},"441":{"start":{"line":442,"column":0},"end":{"line":442,"column":153}},"442":{"start":{"line":443,"column":0},"end":{"line":443,"column":20}},"443":{"start":{"line":444,"column":0},"end":{"line":444,"column":13}},"446":{"start":{"line":447,"column":0},"end":{"line":447,"column":61}},"447":{"start":{"line":448,"column":0},"end":{"line":448,"column":10}},"448":{"start":{"line":449,"column":0},"end":{"line":449,"column":16}},"449":{"start":{"line":450,"column":0},"end":{"line":450,"column":13}},"450":{"start":{"line":451,"column":0},"end":{"line":451,"column":24}},"451":{"start":{"line":452,"column":0},"end":{"line":452,"column":9}},"452":{"start":{"line":453,"column":0},"end":{"line":453,"column":34}},"453":{"start":{"line":454,"column":0},"end":{"line":454,"column":4}},"454":{"start":{"line":455,"column":0},"end":{"line":455,"column":1}},"456":{"start":{"line":457,"column":0},"end":{"line":457,"column":75}},"457":{"start":{"line":458,"column":0},"end":{"line":458,"column":20}},"458":{"start":{"line":459,"column":0},"end":{"line":459,"column":113}},"459":{"start":{"line":460,"column":0},"end":{"line":460,"column":21}},"460":{"start":{"line":461,"column":0},"end":{"line":461,"column":1}},"462":{"start":{"line":463,"column":0},"end":{"line":463,"column":81}},"463":{"start":{"line":464,"column":0},"end":{"line":464,"column":34}},"464":{"start":{"line":465,"column":0},"end":{"line":465,"column":20}},"465":{"start":{"line":466,"column":0},"end":{"line":466,"column":57}},"466":{"start":{"line":467,"column":0},"end":{"line":467,"column":25}},"467":{"start":{"line":468,"column":0},"end":{"line":468,"column":84}},"468":{"start":{"line":469,"column":0},"end":{"line":469,"column":50}},"469":{"start":{"line":470,"column":0},"end":{"line":470,"column":29}},"470":{"start":{"line":471,"column":0},"end":{"line":471,"column":11}},"471":{"start":{"line":472,"column":0},"end":{"line":472,"column":53}},"472":{"start":{"line":473,"column":0},"end":{"line":473,"column":6}},"473":{"start":{"line":474,"column":0},"end":{"line":474,"column":1}},"477":{"start":{"line":478,"column":0},"end":{"line":478,"column":71}},"478":{"start":{"line":479,"column":0},"end":{"line":479,"column":20}},"479":{"start":{"line":480,"column":0},"end":{"line":480,"column":119}},"480":{"start":{"line":481,"column":0},"end":{"line":481,"column":13}},"481":{"start":{"line":482,"column":0},"end":{"line":482,"column":73}},"482":{"start":{"line":483,"column":0},"end":{"line":483,"column":105}},"483":{"start":{"line":484,"column":0},"end":{"line":484,"column":3}},"484":{"start":{"line":485,"column":0},"end":{"line":485,"column":13}},"485":{"start":{"line":486,"column":0},"end":{"line":486,"column":1}},"487":{"start":{"line":488,"column":0},"end":{"line":488,"column":35}},"488":{"start":{"line":489,"column":0},"end":{"line":489,"column":17}},"489":{"start":{"line":490,"column":0},"end":{"line":490,"column":23}},"490":{"start":{"line":491,"column":0},"end":{"line":491,"column":22}},"491":{"start":{"line":492,"column":0},"end":{"line":492,"column":25}},"492":{"start":{"line":493,"column":0},"end":{"line":493,"column":19}},"493":{"start":{"line":494,"column":0},"end":{"line":494,"column":26}},"494":{"start":{"line":495,"column":0},"end":{"line":495,"column":27}},"495":{"start":{"line":496,"column":0},"end":{"line":496,"column":26}},"496":{"start":{"line":497,"column":0},"end":{"line":497,"column":9}},"497":{"start":{"line":498,"column":0},"end":{"line":498,"column":20}},"498":{"start":{"line":499,"column":0},"end":{"line":499,"column":13}},"512":{"start":{"line":513,"column":0},"end":{"line":513,"column":94}},"513":{"start":{"line":514,"column":0},"end":{"line":514,"column":1}},"517":{"start":{"line":518,"column":0},"end":{"line":518,"column":83}},"518":{"start":{"line":519,"column":0},"end":{"line":519,"column":20}},"519":{"start":{"line":520,"column":0},"end":{"line":520,"column":124}},"520":{"start":{"line":521,"column":0},"end":{"line":521,"column":12}},"521":{"start":{"line":522,"column":0},"end":{"line":522,"column":9}},"522":{"start":{"line":523,"column":0},"end":{"line":523,"column":35}},"523":{"start":{"line":524,"column":0},"end":{"line":524,"column":13}},"524":{"start":{"line":525,"column":0},"end":{"line":525,"column":18}},"525":{"start":{"line":526,"column":0},"end":{"line":526,"column":5}},"526":{"start":{"line":527,"column":0},"end":{"line":527,"column":3}},"527":{"start":{"line":528,"column":0},"end":{"line":528,"column":14}},"528":{"start":{"line":529,"column":0},"end":{"line":529,"column":1}},"530":{"start":{"line":531,"column":0},"end":{"line":531,"column":90}},"531":{"start":{"line":532,"column":0},"end":{"line":532,"column":20}},"532":{"start":{"line":533,"column":0},"end":{"line":533,"column":42}},"533":{"start":{"line":534,"column":0},"end":{"line":534,"column":13}},"539":{"start":{"line":540,"column":0},"end":{"line":540,"column":28}},"540":{"start":{"line":541,"column":0},"end":{"line":541,"column":1}},"544":{"start":{"line":545,"column":0},"end":{"line":545,"column":106}},"545":{"start":{"line":546,"column":0},"end":{"line":546,"column":20}},"546":{"start":{"line":547,"column":0},"end":{"line":547,"column":13}},"553":{"start":{"line":554,"column":0},"end":{"line":554,"column":40}},"554":{"start":{"line":555,"column":0},"end":{"line":555,"column":1}},"556":{"start":{"line":557,"column":0},"end":{"line":557,"column":109}},"557":{"start":{"line":558,"column":0},"end":{"line":558,"column":20}},"558":{"start":{"line":559,"column":0},"end":{"line":559,"column":173}},"559":{"start":{"line":560,"column":0},"end":{"line":560,"column":21}},"560":{"start":{"line":561,"column":0},"end":{"line":561,"column":1}},"564":{"start":{"line":565,"column":0},"end":{"line":565,"column":160}},"565":{"start":{"line":566,"column":0},"end":{"line":566,"column":20}},"568":{"start":{"line":569,"column":0},"end":{"line":569,"column":32}},"572":{"start":{"line":573,"column":0},"end":{"line":573,"column":40}},"575":{"start":{"line":576,"column":0},"end":{"line":576,"column":32}},"579":{"start":{"line":580,"column":0},"end":{"line":580,"column":40}},"582":{"start":{"line":583,"column":0},"end":{"line":583,"column":109}},"591":{"start":{"line":592,"column":0},"end":{"line":592,"column":23}},"592":{"start":{"line":593,"column":0},"end":{"line":593,"column":33}},"595":{"start":{"line":596,"column":0},"end":{"line":596,"column":5}},"597":{"start":{"line":598,"column":0},"end":{"line":598,"column":35}},"599":{"start":{"line":600,"column":0},"end":{"line":600,"column":109}},"600":{"start":{"line":601,"column":0},"end":{"line":601,"column":112}},"601":{"start":{"line":602,"column":0},"end":{"line":602,"column":19}},"602":{"start":{"line":603,"column":0},"end":{"line":603,"column":3}},"604":{"start":{"line":605,"column":0},"end":{"line":605,"column":48}},"606":{"start":{"line":607,"column":0},"end":{"line":607,"column":10}},"607":{"start":{"line":608,"column":0},"end":{"line":608,"column":38}},"608":{"start":{"line":609,"column":0},"end":{"line":609,"column":35}},"609":{"start":{"line":610,"column":0},"end":{"line":610,"column":32}},"610":{"start":{"line":611,"column":0},"end":{"line":611,"column":4}},"611":{"start":{"line":612,"column":0},"end":{"line":612,"column":1}},"615":{"start":{"line":616,"column":0},"end":{"line":616,"column":50}},"616":{"start":{"line":617,"column":0},"end":{"line":617,"column":20}},"617":{"start":{"line":618,"column":0},"end":{"line":618,"column":26}},"621":{"start":{"line":622,"column":0},"end":{"line":622,"column":11}},"622":{"start":{"line":623,"column":0},"end":{"line":623,"column":22}},"623":{"start":{"line":624,"column":0},"end":{"line":624,"column":1}},"625":{"start":{"line":626,"column":0},"end":{"line":626,"column":49}},"626":{"start":{"line":627,"column":0},"end":{"line":627,"column":20}},"627":{"start":{"line":628,"column":0},"end":{"line":628,"column":26}},"632":{"start":{"line":633,"column":0},"end":{"line":633,"column":11}},"633":{"start":{"line":634,"column":0},"end":{"line":634,"column":22}},"634":{"start":{"line":635,"column":0},"end":{"line":635,"column":1}},"636":{"start":{"line":637,"column":0},"end":{"line":637,"column":39}},"637":{"start":{"line":638,"column":0},"end":{"line":638,"column":20}},"638":{"start":{"line":639,"column":0},"end":{"line":639,"column":24}},"639":{"start":{"line":640,"column":0},"end":{"line":640,"column":84}},"640":{"start":{"line":641,"column":0},"end":{"line":641,"column":27}},"641":{"start":{"line":642,"column":0},"end":{"line":642,"column":21}},"642":{"start":{"line":643,"column":0},"end":{"line":643,"column":1}},"646":{"start":{"line":647,"column":0},"end":{"line":647,"column":95}},"647":{"start":{"line":648,"column":0},"end":{"line":648,"column":20}},"649":{"start":{"line":650,"column":0},"end":{"line":650,"column":95}},"650":{"start":{"line":651,"column":0},"end":{"line":651,"column":115}},"651":{"start":{"line":652,"column":0},"end":{"line":652,"column":119}},"652":{"start":{"line":653,"column":0},"end":{"line":653,"column":117}},"655":{"start":{"line":656,"column":0},"end":{"line":656,"column":70}},"656":{"start":{"line":657,"column":0},"end":{"line":657,"column":61}},"657":{"start":{"line":658,"column":0},"end":{"line":658,"column":39}},"658":{"start":{"line":659,"column":0},"end":{"line":659,"column":26}},"662":{"start":{"line":663,"column":0},"end":{"line":663,"column":9}},"663":{"start":{"line":664,"column":0},"end":{"line":664,"column":61}},"666":{"start":{"line":667,"column":0},"end":{"line":667,"column":33}},"673":{"start":{"line":674,"column":0},"end":{"line":674,"column":24}},"674":{"start":{"line":675,"column":0},"end":{"line":675,"column":104}},"677":{"start":{"line":678,"column":0},"end":{"line":678,"column":33}},"684":{"start":{"line":685,"column":0},"end":{"line":685,"column":24}},"685":{"start":{"line":686,"column":0},"end":{"line":686,"column":140}},"688":{"start":{"line":689,"column":0},"end":{"line":689,"column":33}},"693":{"start":{"line":694,"column":0},"end":{"line":694,"column":24}},"694":{"start":{"line":695,"column":0},"end":{"line":695,"column":79}},"696":{"start":{"line":697,"column":0},"end":{"line":697,"column":58}},"697":{"start":{"line":698,"column":0},"end":{"line":698,"column":60}},"698":{"start":{"line":699,"column":0},"end":{"line":699,"column":88}},"700":{"start":{"line":701,"column":0},"end":{"line":701,"column":56}},"701":{"start":{"line":702,"column":0},"end":{"line":702,"column":52}},"702":{"start":{"line":703,"column":0},"end":{"line":703,"column":35}},"703":{"start":{"line":704,"column":0},"end":{"line":704,"column":70}},"704":{"start":{"line":705,"column":0},"end":{"line":705,"column":8}},"707":{"start":{"line":708,"column":0},"end":{"line":708,"column":35}},"715":{"start":{"line":716,"column":0},"end":{"line":716,"column":24}},"718":{"start":{"line":719,"column":0},"end":{"line":719,"column":108}},"721":{"start":{"line":722,"column":0},"end":{"line":722,"column":35}},"729":{"start":{"line":730,"column":0},"end":{"line":730,"column":24}},"732":{"start":{"line":733,"column":0},"end":{"line":733,"column":138}},"735":{"start":{"line":736,"column":0},"end":{"line":736,"column":68}},"736":{"start":{"line":737,"column":0},"end":{"line":737,"column":68}},"737":{"start":{"line":738,"column":0},"end":{"line":738,"column":85}},"739":{"start":{"line":740,"column":0},"end":{"line":740,"column":40}},"740":{"start":{"line":741,"column":0},"end":{"line":741,"column":35}},"741":{"start":{"line":742,"column":0},"end":{"line":742,"column":35}},"742":{"start":{"line":743,"column":0},"end":{"line":743,"column":42}},"743":{"start":{"line":744,"column":0},"end":{"line":744,"column":44}},"744":{"start":{"line":745,"column":0},"end":{"line":745,"column":82}},"745":{"start":{"line":746,"column":0},"end":{"line":746,"column":12}},"746":{"start":{"line":747,"column":0},"end":{"line":747,"column":11}},"747":{"start":{"line":748,"column":0},"end":{"line":748,"column":31}},"748":{"start":{"line":749,"column":0},"end":{"line":749,"column":37}},"749":{"start":{"line":750,"column":0},"end":{"line":750,"column":44}},"750":{"start":{"line":751,"column":0},"end":{"line":751,"column":29}},"751":{"start":{"line":752,"column":0},"end":{"line":752,"column":31}},"752":{"start":{"line":753,"column":0},"end":{"line":753,"column":33}},"753":{"start":{"line":754,"column":0},"end":{"line":754,"column":6}},"754":{"start":{"line":755,"column":0},"end":{"line":755,"column":5}},"757":{"start":{"line":758,"column":0},"end":{"line":758,"column":35}},"766":{"start":{"line":767,"column":0},"end":{"line":767,"column":24}},"769":{"start":{"line":770,"column":0},"end":{"line":770,"column":116}},"771":{"start":{"line":772,"column":0},"end":{"line":772,"column":48}},"772":{"start":{"line":773,"column":0},"end":{"line":773,"column":87}},"773":{"start":{"line":774,"column":0},"end":{"line":774,"column":34}},"783":{"start":{"line":784,"column":0},"end":{"line":784,"column":100}},"785":{"start":{"line":786,"column":0},"end":{"line":786,"column":51}},"786":{"start":{"line":787,"column":0},"end":{"line":787,"column":53}},"787":{"start":{"line":788,"column":0},"end":{"line":788,"column":85}},"789":{"start":{"line":790,"column":0},"end":{"line":790,"column":12}},"790":{"start":{"line":791,"column":0},"end":{"line":791,"column":27}},"791":{"start":{"line":792,"column":0},"end":{"line":792,"column":29}},"792":{"start":{"line":793,"column":0},"end":{"line":793,"column":27}},"793":{"start":{"line":794,"column":0},"end":{"line":794,"column":45}},"794":{"start":{"line":795,"column":0},"end":{"line":795,"column":6}},"795":{"start":{"line":796,"column":0},"end":{"line":796,"column":5}},"798":{"start":{"line":799,"column":0},"end":{"line":799,"column":32}},"806":{"start":{"line":807,"column":0},"end":{"line":807,"column":24}},"809":{"start":{"line":810,"column":0},"end":{"line":810,"column":116}},"811":{"start":{"line":812,"column":0},"end":{"line":812,"column":42}},"812":{"start":{"line":813,"column":0},"end":{"line":813,"column":33}},"813":{"start":{"line":814,"column":0},"end":{"line":814,"column":43}},"814":{"start":{"line":815,"column":0},"end":{"line":815,"column":82}},"815":{"start":{"line":816,"column":0},"end":{"line":816,"column":12}},"816":{"start":{"line":817,"column":0},"end":{"line":817,"column":26}},"817":{"start":{"line":818,"column":0},"end":{"line":818,"column":19}},"818":{"start":{"line":819,"column":0},"end":{"line":819,"column":32}},"819":{"start":{"line":820,"column":0},"end":{"line":820,"column":6}},"820":{"start":{"line":821,"column":0},"end":{"line":821,"column":5}},"822":{"start":{"line":823,"column":0},"end":{"line":823,"column":10}},"823":{"start":{"line":824,"column":0},"end":{"line":824,"column":53}},"824":{"start":{"line":825,"column":0},"end":{"line":825,"column":14}},"825":{"start":{"line":826,"column":0},"end":{"line":826,"column":36}},"826":{"start":{"line":827,"column":0},"end":{"line":827,"column":52}},"827":{"start":{"line":828,"column":0},"end":{"line":828,"column":38}},"828":{"start":{"line":829,"column":0},"end":{"line":829,"column":40}},"829":{"start":{"line":830,"column":0},"end":{"line":830,"column":58}},"830":{"start":{"line":831,"column":0},"end":{"line":831,"column":54}},"831":{"start":{"line":832,"column":0},"end":{"line":832,"column":28}},"832":{"start":{"line":833,"column":0},"end":{"line":833,"column":6}},"833":{"start":{"line":834,"column":0},"end":{"line":834,"column":10}},"834":{"start":{"line":835,"column":0},"end":{"line":835,"column":26}},"835":{"start":{"line":836,"column":0},"end":{"line":836,"column":20}},"836":{"start":{"line":837,"column":0},"end":{"line":837,"column":4}},"837":{"start":{"line":838,"column":0},"end":{"line":838,"column":1}}},"s":{"0":1,"4":1,"12":1,"13":1,"14":1,"15":1,"109":1,"110":1,"111":1,"112":1,"116":1,"117":1,"118":1,"119":1,"123":1,"124":1,"126":3,"128":3,"131":3,"133":3,"135":1,"138":1,"140":1,"142":0,"148":0,"149":0,"150":0,"153":1,"154":1,"157":2,"158":2,"159":3,"161":3,"162":3,"163":3,"165":3,"166":2,"167":2,"170":1,"171":1,"176":1,"177":1,"180":1,"181":3,"182":3,"183":3,"184":3,"186":1,"187":1,"188":0,"189":0,"190":1,"191":3,"192":3,"194":3,"195":3,"196":1,"198":359,"199":359,"200":3,"201":3,"202":3,"203":3,"204":359,"205":359,"207":1,"208":0,"209":0,"210":0,"211":0,"212":0,"216":1,"217":89,"218":89,"219":89,"220":89,"221":89,"222":89,"223":89,"224":89,"225":89,"226":89,"227":89,"230":89,"231":89,"232":89,"233":89,"234":89,"236":1,"237":6,"238":6,"239":5,"240":5,"241":5,"242":1,"243":1,"244":1,"245":6,"247":1,"248":23,"249":23,"254":23,"256":23,"257":26,"258":26,"259":2,"260":2,"261":2,"262":2,"263":0,"264":0,"265":26,"266":24,"267":24,"268":26,"269":23,"270":23,"274":1,"275":38,"276":38,"277":38,"278":38,"279":38,"280":38,"281":38,"282":38,"283":38,"284":38,"285":38,"286":38,"287":38,"288":38,"289":38,"290":6,"291":32,"292":38,"297":38,"298":38,"299":38,"300":38,"301":38,"302":38,"303":38,"304":38,"305":38,"306":38,"307":38,"308":38,"310":1,"311":3,"312":3,"313":3,"314":3,"315":3,"316":3,"317":3,"318":3,"319":3,"323":3,"324":3,"325":3,"326":3,"327":3,"329":1,"330":17,"331":17,"336":17,"338":17,"339":26,"340":26,"341":1,"342":1,"343":1,"345":0,"346":1,"347":26,"348":17,"349":17,"353":1,"354":20,"355":20,"356":20,"357":20,"359":20,"373":20,"377":20,"380":20,"382":20,"383":25,"384":25,"385":1,"386":1,"387":25,"388":20,"389":20,"391":1,"392":14,"393":14,"398":14,"399":14,"400":14,"402":1,"403":10,"404":10,"405":10,"406":10,"407":10,"408":10,"409":0,"410":0,"411":10,"415":1,"416":5,"417":5,"418":5,"420":5,"425":5,"427":5,"428":5,"429":2,"430":2,"432":5,"433":5,"434":5,"435":5,"436":5,"437":5,"441":1,"442":12,"443":12,"446":12,"447":12,"448":12,"449":12,"450":12,"451":12,"452":12,"453":12,"454":12,"456":1,"457":9,"458":9,"459":9,"460":9,"462":1,"463":5,"464":4,"465":4,"466":4,"467":4,"468":4,"469":4,"470":3,"471":3,"472":4,"473":4,"477":1,"478":8,"479":8,"480":8,"481":3,"482":3,"483":3,"484":8,"485":8,"487":1,"488":21,"489":21,"490":21,"491":21,"492":21,"493":21,"494":21,"495":21,"496":21,"497":21,"498":21,"512":21,"513":21,"517":1,"518":8,"519":8,"520":8,"521":6,"522":6,"523":6,"524":1,"525":1,"526":6,"527":2,"528":2,"530":1,"531":8,"532":8,"533":8,"539":8,"540":8,"544":1,"545":13,"546":13,"553":13,"554":13,"556":1,"557":8,"558":8,"559":8,"560":8,"564":1,"565":7,"568":7,"572":7,"575":7,"579":7,"582":7,"591":7,"592":7,"595":7,"597":7,"599":1,"600":1,"601":1,"602":1,"604":7,"606":7,"607":7,"608":7,"609":7,"610":7,"611":7,"615":1,"616":5,"617":5,"621":5,"622":5,"623":5,"625":1,"626":3,"627":3,"632":3,"633":3,"634":3,"636":1,"637":5,"638":5,"639":5,"640":5,"641":5,"642":5,"646":1,"647":23,"649":23,"650":23,"651":23,"652":23,"655":23,"656":23,"657":23,"658":2,"662":21,"663":23,"666":23,"673":23,"674":23,"677":23,"684":23,"685":23,"688":23,"693":23,"694":23,"696":23,"697":23,"698":23,"700":23,"701":23,"702":23,"703":16,"704":7,"707":23,"715":23,"718":23,"721":23,"729":23,"732":23,"735":23,"736":23,"737":23,"739":23,"740":15,"741":15,"742":15,"743":15,"744":15,"745":15,"746":15,"747":15,"748":15,"749":15,"750":15,"751":15,"752":15,"753":15,"754":23,"757":23,"766":23,"769":23,"771":23,"772":15,"773":15,"783":15,"785":15,"786":15,"787":15,"789":15,"790":15,"791":15,"792":15,"793":15,"794":15,"795":23,"798":23,"806":23,"809":23,"811":23,"812":30,"813":30,"814":30,"815":30,"816":30,"817":30,"818":30,"819":30,"820":23,"822":23,"823":23,"824":23,"825":23,"826":23,"827":23,"828":23,"829":23,"830":23,"831":23,"832":23,"833":23,"834":23,"835":23,"836":23,"837":23},"branchMap":{"0":{"type":"branch","line":127,"loc":{"start":{"line":127,"column":0},"end":{"line":160,"column":1}},"locations":[{"start":{"line":127,"column":0},"end":{"line":160,"column":1}}]},"1":{"type":"branch","line":134,"loc":{"start":{"line":134,"column":27},"end":{"line":159,"column":20}},"locations":[{"start":{"line":134,"column":27},"end":{"line":159,"column":20}}]},"2":{"type":"branch","line":134,"loc":{"start":{"line":134,"column":27},"end":{"line":155,"column":3}},"locations":[{"start":{"line":134,"column":27},"end":{"line":155,"column":3}}]},"3":{"type":"branch","line":141,"loc":{"start":{"line":141,"column":35},"end":{"line":151,"column":5}},"locations":[{"start":{"line":141,"column":35},"end":{"line":151,"column":5}}]},"4":{"type":"branch","line":159,"loc":{"start":{"line":159,"column":13},"end":{"line":159,"column":20}},"locations":[{"start":{"line":159,"column":13},"end":{"line":159,"column":20}}]},"5":{"type":"branch","line":162,"loc":{"start":{"line":162,"column":0},"end":{"line":197,"column":1}},"locations":[{"start":{"line":162,"column":0},"end":{"line":197,"column":1}}]},"6":{"type":"branch","line":166,"loc":{"start":{"line":166,"column":38},"end":{"line":197,"column":1}},"locations":[{"start":{"line":166,"column":38},"end":{"line":197,"column":1}}]},"7":{"type":"branch","line":168,"loc":{"start":{"line":168,"column":2},"end":{"line":197,"column":1}},"locations":[{"start":{"line":168,"column":2},"end":{"line":197,"column":1}}]},"8":{"type":"branch","line":181,"loc":{"start":{"line":181,"column":45},"end":{"line":196,"column":3}},"locations":[{"start":{"line":181,"column":45},"end":{"line":196,"column":3}}]},"9":{"type":"branch","line":164,"loc":{"start":{"line":164,"column":46},"end":{"line":164,"column":79}},"locations":[{"start":{"line":164,"column":46},"end":{"line":164,"column":79}}]},"10":{"type":"branch","line":182,"loc":{"start":{"line":182,"column":45},"end":{"line":193,"column":5}},"locations":[{"start":{"line":182,"column":45},"end":{"line":193,"column":5}}]},"11":{"type":"branch","line":185,"loc":{"start":{"line":185,"column":6},"end":{"line":191,"column":7}},"locations":[{"start":{"line":185,"column":6},"end":{"line":191,"column":7}}]},"12":{"type":"branch","line":188,"loc":{"start":{"line":188,"column":55},"end":{"line":190,"column":9}},"locations":[{"start":{"line":188,"column":55},"end":{"line":190,"column":9}}]},"13":{"type":"branch","line":199,"loc":{"start":{"line":199,"column":0},"end":{"line":206,"column":1}},"locations":[{"start":{"line":199,"column":0},"end":{"line":206,"column":1}}]},"14":{"type":"branch","line":200,"loc":{"start":{"line":200,"column":11},"end":{"line":204,"column":3}},"locations":[{"start":{"line":200,"column":11},"end":{"line":204,"column":3}}]},"15":{"type":"branch","line":217,"loc":{"start":{"line":217,"column":7},"end":{"line":235,"column":1}},"locations":[{"start":{"line":217,"column":7},"end":{"line":235,"column":1}}]},"16":{"type":"branch","line":227,"loc":{"start":{"line":227,"column":21},"end":{"line":227,"column":59}},"locations":[{"start":{"line":227,"column":21},"end":{"line":227,"column":59}}]},"17":{"type":"branch","line":227,"loc":{"start":{"line":227,"column":55},"end":{"line":227,"column":64}},"locations":[{"start":{"line":227,"column":55},"end":{"line":227,"column":64}}]},"18":{"type":"branch","line":232,"loc":{"start":{"line":232,"column":58},"end":{"line":232,"column":80}},"locations":[{"start":{"line":232,"column":58},"end":{"line":232,"column":80}}]},"19":{"type":"branch","line":232,"loc":{"start":{"line":232,"column":80},"end":{"line":232,"column":101}},"locations":[{"start":{"line":232,"column":80},"end":{"line":232,"column":101}}]},"20":{"type":"branch","line":237,"loc":{"start":{"line":237,"column":7},"end":{"line":246,"column":1}},"locations":[{"start":{"line":237,"column":7},"end":{"line":246,"column":1}}]},"21":{"type":"branch","line":239,"loc":{"start":{"line":239,"column":20},"end":{"line":245,"column":3}},"locations":[{"start":{"line":239,"column":20},"end":{"line":245,"column":3}}]},"22":{"type":"branch","line":242,"loc":{"start":{"line":242,"column":2},"end":{"line":245,"column":3}},"locations":[{"start":{"line":242,"column":2},"end":{"line":245,"column":3}}]},"23":{"type":"branch","line":248,"loc":{"start":{"line":248,"column":7},"end":{"line":271,"column":1}},"locations":[{"start":{"line":248,"column":7},"end":{"line":271,"column":1}}]},"24":{"type":"branch","line":257,"loc":{"start":{"line":257,"column":18},"end":{"line":270,"column":3}},"locations":[{"start":{"line":257,"column":18},"end":{"line":270,"column":3}}]},"25":{"type":"branch","line":259,"loc":{"start":{"line":259,"column":12},"end":{"line":259,"column":54}},"locations":[{"start":{"line":259,"column":12},"end":{"line":259,"column":54}}]},"26":{"type":"branch","line":259,"loc":{"start":{"line":259,"column":54},"end":{"line":266,"column":11}},"locations":[{"start":{"line":259,"column":54},"end":{"line":266,"column":11}}]},"27":{"type":"branch","line":263,"loc":{"start":{"line":263,"column":6},"end":{"line":265,"column":7}},"locations":[{"start":{"line":263,"column":6},"end":{"line":265,"column":7}}]},"28":{"type":"branch","line":266,"loc":{"start":{"line":266,"column":4},"end":{"line":268,"column":5}},"locations":[{"start":{"line":266,"column":4},"end":{"line":268,"column":5}}]},"29":{"type":"branch","line":275,"loc":{"start":{"line":275,"column":7},"end":{"line":309,"column":1}},"locations":[{"start":{"line":275,"column":7},"end":{"line":309,"column":1}}]},"30":{"type":"branch","line":290,"loc":{"start":{"line":290,"column":59},"end":{"line":291,"column":80}},"locations":[{"start":{"line":290,"column":59},"end":{"line":291,"column":80}}]},"31":{"type":"branch","line":291,"loc":{"start":{"line":291,"column":29},"end":{"line":291,"column":53}},"locations":[{"start":{"line":291,"column":29},"end":{"line":291,"column":53}}]},"32":{"type":"branch","line":291,"loc":{"start":{"line":291,"column":40},"end":{"line":291,"column":80}},"locations":[{"start":{"line":291,"column":40},"end":{"line":291,"column":80}}]},"33":{"type":"branch","line":291,"loc":{"start":{"line":291,"column":78},"end":{"line":292,"column":11}},"locations":[{"start":{"line":291,"column":78},"end":{"line":292,"column":11}}]},"34":{"type":"branch","line":301,"loc":{"start":{"line":301,"column":4},"end":{"line":301,"column":27}},"locations":[{"start":{"line":301,"column":4},"end":{"line":301,"column":27}}]},"35":{"type":"branch","line":301,"loc":{"start":{"line":301,"column":27},"end":{"line":301,"column":45}},"locations":[{"start":{"line":301,"column":27},"end":{"line":301,"column":45}}]},"36":{"type":"branch","line":302,"loc":{"start":{"line":302,"column":16},"end":{"line":302,"column":48}},"locations":[{"start":{"line":302,"column":16},"end":{"line":302,"column":48}}]},"37":{"type":"branch","line":302,"loc":{"start":{"line":302,"column":36},"end":{"line":302,"column":56}},"locations":[{"start":{"line":302,"column":36},"end":{"line":302,"column":56}}]},"38":{"type":"branch","line":302,"loc":{"start":{"line":302,"column":48},"end":{"line":302,"column":73}},"locations":[{"start":{"line":302,"column":48},"end":{"line":302,"column":73}}]},"39":{"type":"branch","line":302,"loc":{"start":{"line":302,"column":56},"end":{"line":302,"column":70}},"locations":[{"start":{"line":302,"column":56},"end":{"line":302,"column":70}}]},"40":{"type":"branch","line":302,"loc":{"start":{"line":302,"column":66},"end":{"line":302,"column":73}},"locations":[{"start":{"line":302,"column":66},"end":{"line":302,"column":73}}]},"41":{"type":"branch","line":303,"loc":{"start":{"line":303,"column":4},"end":{"line":303,"column":19}},"locations":[{"start":{"line":303,"column":4},"end":{"line":303,"column":19}}]},"42":{"type":"branch","line":303,"loc":{"start":{"line":303,"column":19},"end":{"line":303,"column":38}},"locations":[{"start":{"line":303,"column":19},"end":{"line":303,"column":38}}]},"43":{"type":"branch","line":304,"loc":{"start":{"line":304,"column":16},"end":{"line":304,"column":37}},"locations":[{"start":{"line":304,"column":16},"end":{"line":304,"column":37}}]},"44":{"type":"branch","line":304,"loc":{"start":{"line":304,"column":37},"end":{"line":304,"column":58}},"locations":[{"start":{"line":304,"column":37},"end":{"line":304,"column":58}}]},"45":{"type":"branch","line":311,"loc":{"start":{"line":311,"column":7},"end":{"line":328,"column":1}},"locations":[{"start":{"line":311,"column":7},"end":{"line":328,"column":1}}]},"46":{"type":"branch","line":325,"loc":{"start":{"line":325,"column":36},"end":{"line":325,"column":56}},"locations":[{"start":{"line":325,"column":36},"end":{"line":325,"column":56}}]},"47":{"type":"branch","line":325,"loc":{"start":{"line":325,"column":56},"end":{"line":325,"column":70}},"locations":[{"start":{"line":325,"column":56},"end":{"line":325,"column":70}}]},"48":{"type":"branch","line":325,"loc":{"start":{"line":325,"column":66},"end":{"line":325,"column":73}},"locations":[{"start":{"line":325,"column":66},"end":{"line":325,"column":73}}]},"49":{"type":"branch","line":326,"loc":{"start":{"line":326,"column":4},"end":{"line":326,"column":19}},"locations":[{"start":{"line":326,"column":4},"end":{"line":326,"column":19}}]},"50":{"type":"branch","line":326,"loc":{"start":{"line":326,"column":19},"end":{"line":326,"column":39}},"locations":[{"start":{"line":326,"column":19},"end":{"line":326,"column":39}}]},"51":{"type":"branch","line":330,"loc":{"start":{"line":330,"column":7},"end":{"line":350,"column":1}},"locations":[{"start":{"line":330,"column":7},"end":{"line":350,"column":1}}]},"52":{"type":"branch","line":339,"loc":{"start":{"line":339,"column":18},"end":{"line":349,"column":3}},"locations":[{"start":{"line":339,"column":18},"end":{"line":349,"column":3}}]},"53":{"type":"branch","line":341,"loc":{"start":{"line":341,"column":14},"end":{"line":341,"column":66}},"locations":[{"start":{"line":341,"column":14},"end":{"line":341,"column":66}}]},"54":{"type":"branch","line":341,"loc":{"start":{"line":341,"column":66},"end":{"line":347,"column":5}},"locations":[{"start":{"line":341,"column":66},"end":{"line":347,"column":5}}]},"55":{"type":"branch","line":344,"loc":{"start":{"line":344,"column":6},"end":{"line":346,"column":7}},"locations":[{"start":{"line":344,"column":6},"end":{"line":346,"column":7}}]},"56":{"type":"branch","line":354,"loc":{"start":{"line":354,"column":7},"end":{"line":390,"column":1}},"locations":[{"start":{"line":354,"column":7},"end":{"line":390,"column":1}}]},"57":{"type":"branch","line":356,"loc":{"start":{"line":356,"column":25},"end":{"line":356,"column":48}},"locations":[{"start":{"line":356,"column":25},"end":{"line":356,"column":48}}]},"58":{"type":"branch","line":356,"loc":{"start":{"line":356,"column":43},"end":{"line":356,"column":95}},"locations":[{"start":{"line":356,"column":43},"end":{"line":356,"column":95}}]},"59":{"type":"branch","line":357,"loc":{"start":{"line":357,"column":24},"end":{"line":357,"column":65}},"locations":[{"start":{"line":357,"column":24},"end":{"line":357,"column":65}}]},"60":{"type":"branch","line":357,"loc":{"start":{"line":357,"column":38},"end":{"line":357,"column":68}},"locations":[{"start":{"line":357,"column":38},"end":{"line":357,"column":68}}]},"61":{"type":"branch","line":358,"loc":{"start":{"line":358,"column":28},"end":{"line":358,"column":65}},"locations":[{"start":{"line":358,"column":28},"end":{"line":358,"column":65}}]},"62":{"type":"branch","line":358,"loc":{"start":{"line":358,"column":61},"end":{"line":358,"column":73}},"locations":[{"start":{"line":358,"column":61},"end":{"line":358,"column":73}}]},"63":{"type":"branch","line":383,"loc":{"start":{"line":383,"column":18},"end":{"line":389,"column":3}},"locations":[{"start":{"line":383,"column":18},"end":{"line":389,"column":3}}]},"64":{"type":"branch","line":385,"loc":{"start":{"line":385,"column":131},"end":{"line":387,"column":5}},"locations":[{"start":{"line":385,"column":131},"end":{"line":387,"column":5}}]},"65":{"type":"branch","line":392,"loc":{"start":{"line":392,"column":7},"end":{"line":401,"column":1}},"locations":[{"start":{"line":392,"column":7},"end":{"line":401,"column":1}}]},"66":{"type":"branch","line":400,"loc":{"start":{"line":400,"column":9},"end":{"line":400,"column":32}},"locations":[{"start":{"line":400,"column":9},"end":{"line":400,"column":32}}]},"67":{"type":"branch","line":400,"loc":{"start":{"line":400,"column":14},"end":{"line":400,"column":37}},"locations":[{"start":{"line":400,"column":14},"end":{"line":400,"column":37}}]},"68":{"type":"branch","line":403,"loc":{"start":{"line":403,"column":7},"end":{"line":412,"column":1}},"locations":[{"start":{"line":403,"column":7},"end":{"line":412,"column":1}}]},"69":{"type":"branch","line":409,"loc":{"start":{"line":409,"column":2},"end":{"line":411,"column":3}},"locations":[{"start":{"line":409,"column":2},"end":{"line":411,"column":3}}]},"70":{"type":"branch","line":416,"loc":{"start":{"line":416,"column":7},"end":{"line":438,"column":1}},"locations":[{"start":{"line":416,"column":7},"end":{"line":438,"column":1}}]},"71":{"type":"branch","line":429,"loc":{"start":{"line":429,"column":30},"end":{"line":431,"column":3}},"locations":[{"start":{"line":429,"column":30},"end":{"line":431,"column":3}}]},"72":{"type":"branch","line":442,"loc":{"start":{"line":442,"column":7},"end":{"line":455,"column":1}},"locations":[{"start":{"line":442,"column":7},"end":{"line":455,"column":1}}]},"73":{"type":"branch","line":457,"loc":{"start":{"line":457,"column":7},"end":{"line":461,"column":1}},"locations":[{"start":{"line":457,"column":7},"end":{"line":461,"column":1}}]},"74":{"type":"branch","line":460,"loc":{"start":{"line":460,"column":9},"end":{"line":460,"column":21}},"locations":[{"start":{"line":460,"column":9},"end":{"line":460,"column":21}}]},"75":{"type":"branch","line":463,"loc":{"start":{"line":463,"column":7},"end":{"line":474,"column":1}},"locations":[{"start":{"line":463,"column":7},"end":{"line":474,"column":1}}]},"76":{"type":"branch","line":464,"loc":{"start":{"line":464,"column":24},"end":{"line":464,"column":34}},"locations":[{"start":{"line":464,"column":24},"end":{"line":464,"column":34}}]},"77":{"type":"branch","line":464,"loc":{"start":{"line":464,"column":32},"end":{"line":474,"column":1}},"locations":[{"start":{"line":464,"column":32},"end":{"line":474,"column":1}}]},"78":{"type":"branch","line":466,"loc":{"start":{"line":466,"column":36},"end":{"line":466,"column":45}},"locations":[{"start":{"line":466,"column":36},"end":{"line":466,"column":45}}]},"79":{"type":"branch","line":470,"loc":{"start":{"line":470,"column":18},"end":{"line":473,"column":4}},"locations":[{"start":{"line":470,"column":18},"end":{"line":473,"column":4}}]},"80":{"type":"branch","line":478,"loc":{"start":{"line":478,"column":7},"end":{"line":486,"column":1}},"locations":[{"start":{"line":478,"column":7},"end":{"line":486,"column":1}}]},"81":{"type":"branch","line":481,"loc":{"start":{"line":481,"column":12},"end":{"line":484,"column":3}},"locations":[{"start":{"line":481,"column":12},"end":{"line":484,"column":3}}]},"82":{"type":"branch","line":488,"loc":{"start":{"line":488,"column":7},"end":{"line":514,"column":1}},"locations":[{"start":{"line":488,"column":7},"end":{"line":514,"column":1}}]},"83":{"type":"branch","line":518,"loc":{"start":{"line":518,"column":7},"end":{"line":529,"column":1}},"locations":[{"start":{"line":518,"column":7},"end":{"line":529,"column":1}}]},"84":{"type":"branch","line":521,"loc":{"start":{"line":521,"column":11},"end":{"line":529,"column":1}},"locations":[{"start":{"line":521,"column":11},"end":{"line":529,"column":1}}]},"85":{"type":"branch","line":521,"loc":{"start":{"line":521,"column":11},"end":{"line":527,"column":3}},"locations":[{"start":{"line":521,"column":11},"end":{"line":527,"column":3}}]},"86":{"type":"branch","line":524,"loc":{"start":{"line":524,"column":4},"end":{"line":526,"column":5}},"locations":[{"start":{"line":524,"column":4},"end":{"line":526,"column":5}}]},"87":{"type":"branch","line":527,"loc":{"start":{"line":527,"column":2},"end":{"line":529,"column":1}},"locations":[{"start":{"line":527,"column":2},"end":{"line":529,"column":1}}]},"88":{"type":"branch","line":531,"loc":{"start":{"line":531,"column":7},"end":{"line":541,"column":1}},"locations":[{"start":{"line":531,"column":7},"end":{"line":541,"column":1}}]},"89":{"type":"branch","line":545,"loc":{"start":{"line":545,"column":7},"end":{"line":555,"column":1}},"locations":[{"start":{"line":545,"column":7},"end":{"line":555,"column":1}}]},"90":{"type":"branch","line":557,"loc":{"start":{"line":557,"column":7},"end":{"line":561,"column":1}},"locations":[{"start":{"line":557,"column":7},"end":{"line":561,"column":1}}]},"91":{"type":"branch","line":560,"loc":{"start":{"line":560,"column":9},"end":{"line":560,"column":21}},"locations":[{"start":{"line":560,"column":9},"end":{"line":560,"column":21}}]},"92":{"type":"branch","line":565,"loc":{"start":{"line":565,"column":7},"end":{"line":612,"column":1}},"locations":[{"start":{"line":565,"column":7},"end":{"line":612,"column":1}}]},"93":{"type":"branch","line":598,"loc":{"start":{"line":598,"column":34},"end":{"line":603,"column":3}},"locations":[{"start":{"line":598,"column":34},"end":{"line":603,"column":3}}]},"94":{"type":"branch","line":616,"loc":{"start":{"line":616,"column":7},"end":{"line":624,"column":1}},"locations":[{"start":{"line":616,"column":7},"end":{"line":624,"column":1}}]},"95":{"type":"branch","line":626,"loc":{"start":{"line":626,"column":7},"end":{"line":635,"column":1}},"locations":[{"start":{"line":626,"column":7},"end":{"line":635,"column":1}}]},"96":{"type":"branch","line":637,"loc":{"start":{"line":637,"column":7},"end":{"line":643,"column":1}},"locations":[{"start":{"line":637,"column":7},"end":{"line":643,"column":1}}]},"97":{"type":"branch","line":647,"loc":{"start":{"line":647,"column":7},"end":{"line":838,"column":1}},"locations":[{"start":{"line":647,"column":7},"end":{"line":838,"column":1}}]},"98":{"type":"branch","line":656,"loc":{"start":{"line":656,"column":28},"end":{"line":656,"column":67}},"locations":[{"start":{"line":656,"column":28},"end":{"line":656,"column":67}}]},"99":{"type":"branch","line":656,"loc":{"start":{"line":656,"column":42},"end":{"line":656,"column":70}},"locations":[{"start":{"line":656,"column":42},"end":{"line":656,"column":70}}]},"100":{"type":"branch","line":657,"loc":{"start":{"line":657,"column":28},"end":{"line":657,"column":58}},"locations":[{"start":{"line":657,"column":28},"end":{"line":657,"column":58}}]},"101":{"type":"branch","line":657,"loc":{"start":{"line":657,"column":54},"end":{"line":657,"column":61}},"locations":[{"start":{"line":657,"column":54},"end":{"line":657,"column":61}}]},"102":{"type":"branch","line":658,"loc":{"start":{"line":658,"column":28},"end":{"line":659,"column":26}},"locations":[{"start":{"line":658,"column":28},"end":{"line":659,"column":26}}]},"103":{"type":"branch","line":659,"loc":{"start":{"line":659,"column":6},"end":{"line":663,"column":9}},"locations":[{"start":{"line":659,"column":6},"end":{"line":663,"column":9}}]},"104":{"type":"branch","line":664,"loc":{"start":{"line":664,"column":28},"end":{"line":664,"column":58}},"locations":[{"start":{"line":664,"column":28},"end":{"line":664,"column":58}}]},"105":{"type":"branch","line":664,"loc":{"start":{"line":664,"column":54},"end":{"line":664,"column":61}},"locations":[{"start":{"line":664,"column":54},"end":{"line":664,"column":61}}]},"106":{"type":"branch","line":697,"loc":{"start":{"line":697,"column":34},"end":{"line":697,"column":58}},"locations":[{"start":{"line":697,"column":34},"end":{"line":697,"column":58}}]},"107":{"type":"branch","line":698,"loc":{"start":{"line":698,"column":35},"end":{"line":698,"column":60}},"locations":[{"start":{"line":698,"column":35},"end":{"line":698,"column":60}}]},"108":{"type":"branch","line":701,"loc":{"start":{"line":701,"column":37},"end":{"line":701,"column":56}},"locations":[{"start":{"line":701,"column":37},"end":{"line":701,"column":56}}]},"109":{"type":"branch","line":702,"loc":{"start":{"line":702,"column":34},"end":{"line":702,"column":52}},"locations":[{"start":{"line":702,"column":34},"end":{"line":702,"column":52}}]},"110":{"type":"branch","line":703,"loc":{"start":{"line":703,"column":34},"end":{"line":704,"column":70}},"locations":[{"start":{"line":703,"column":34},"end":{"line":704,"column":70}}]},"111":{"type":"branch","line":704,"loc":{"start":{"line":704,"column":69},"end":{"line":705,"column":8}},"locations":[{"start":{"line":704,"column":69},"end":{"line":705,"column":8}}]},"112":{"type":"branch","line":830,"loc":{"start":{"line":830,"column":36},"end":{"line":830,"column":58}},"locations":[{"start":{"line":830,"column":36},"end":{"line":830,"column":58}}]},"113":{"type":"branch","line":831,"loc":{"start":{"line":831,"column":34},"end":{"line":831,"column":54}},"locations":[{"start":{"line":831,"column":34},"end":{"line":831,"column":54}}]},"114":{"type":"branch","line":736,"loc":{"start":{"line":736,"column":47},"end":{"line":736,"column":65}},"locations":[{"start":{"line":736,"column":47},"end":{"line":736,"column":65}}]},"115":{"type":"branch","line":737,"loc":{"start":{"line":737,"column":47},"end":{"line":737,"column":65}},"locations":[{"start":{"line":737,"column":47},"end":{"line":737,"column":65}}]},"116":{"type":"branch","line":740,"loc":{"start":{"line":740,"column":29},"end":{"line":755,"column":3}},"locations":[{"start":{"line":740,"column":29},"end":{"line":755,"column":3}}]},"117":{"type":"branch","line":743,"loc":{"start":{"line":743,"column":24},"end":{"line":743,"column":42}},"locations":[{"start":{"line":743,"column":24},"end":{"line":743,"column":42}}]},"118":{"type":"branch","line":744,"loc":{"start":{"line":744,"column":25},"end":{"line":744,"column":44}},"locations":[{"start":{"line":744,"column":25},"end":{"line":744,"column":44}}]},"119":{"type":"branch","line":748,"loc":{"start":{"line":748,"column":18},"end":{"line":748,"column":31}},"locations":[{"start":{"line":748,"column":18},"end":{"line":748,"column":31}}]},"120":{"type":"branch","line":749,"loc":{"start":{"line":749,"column":21},"end":{"line":749,"column":37}},"locations":[{"start":{"line":749,"column":21},"end":{"line":749,"column":37}}]},"121":{"type":"branch","line":753,"loc":{"start":{"line":753,"column":19},"end":{"line":753,"column":33}},"locations":[{"start":{"line":753,"column":19},"end":{"line":753,"column":33}}]},"122":{"type":"branch","line":772,"loc":{"start":{"line":772,"column":38},"end":{"line":796,"column":3}},"locations":[{"start":{"line":772,"column":38},"end":{"line":796,"column":3}}]},"123":{"type":"branch","line":773,"loc":{"start":{"line":773,"column":73},"end":{"line":773,"column":87}},"locations":[{"start":{"line":773,"column":73},"end":{"line":773,"column":87}}]},"124":{"type":"branch","line":786,"loc":{"start":{"line":786,"column":33},"end":{"line":786,"column":51}},"locations":[{"start":{"line":786,"column":33},"end":{"line":786,"column":51}}]},"125":{"type":"branch","line":787,"loc":{"start":{"line":787,"column":34},"end":{"line":787,"column":53}},"locations":[{"start":{"line":787,"column":34},"end":{"line":787,"column":53}}]},"126":{"type":"branch","line":812,"loc":{"start":{"line":812,"column":32},"end":{"line":821,"column":3}},"locations":[{"start":{"line":812,"column":32},"end":{"line":821,"column":3}}]},"127":{"type":"branch","line":813,"loc":{"start":{"line":813,"column":22},"end":{"line":813,"column":33}},"locations":[{"start":{"line":813,"column":22},"end":{"line":813,"column":33}}]},"128":{"type":"branch","line":814,"loc":{"start":{"line":814,"column":24},"end":{"line":814,"column":43}},"locations":[{"start":{"line":814,"column":24},"end":{"line":814,"column":43}}]},"129":{"type":"branch","line":815,"loc":{"start":{"line":815,"column":74},"end":{"line":815,"column":82}},"locations":[{"start":{"line":815,"column":74},"end":{"line":815,"column":82}}]}},"b":{"0":[3],"1":[2],"2":[1],"3":[0],"4":[0],"5":[3],"6":[2],"7":[1],"8":[3],"9":[9],"10":[3],"11":[1],"12":[0],"13":[359],"14":[3],"15":[89],"16":[3],"17":[86],"18":[83],"19":[83],"20":[6],"21":[5],"22":[1],"23":[23],"24":[26],"25":[2],"26":[2],"27":[0],"28":[24],"29":[38],"30":[6],"31":[3],"32":[3],"33":[32],"34":[37],"35":[37],"36":[36],"37":[33],"38":[5],"39":[3],"40":[2],"41":[36],"42":[34],"43":[37],"44":[37],"45":[3],"46":[0],"47":[2],"48":[1],"49":[2],"50":[0],"51":[17],"52":[26],"53":[1],"54":[1],"55":[0],"56":[20],"57":[2],"58":[18],"59":[6],"60":[14],"61":[6],"62":[14],"63":[25],"64":[1],"65":[14],"66":[4],"67":[10],"68":[10],"69":[0],"70":[5],"71":[2],"72":[12],"73":[9],"74":[6],"75":[5],"76":[1],"77":[4],"78":[6],"79":[3],"80":[8],"81":[3],"82":[21],"83":[8],"84":[7],"85":[6],"86":[1],"87":[2],"88":[8],"89":[13],"90":[8],"91":[4],"92":[7],"93":[1],"94":[5],"95":[3],"96":[5],"97":[23],"98":[2],"99":[21],"100":[2],"101":[21],"102":[2],"103":[21],"104":[2],"105":[21],"106":[8],"107":[8],"108":[8],"109":[7],"110":[16],"111":[7],"112":[8],"113":[8],"114":[15],"115":[15],"116":[15],"117":[0],"118":[0],"119":[0],"120":[0],"121":[0],"122":[15],"123":[0],"124":[0],"125":[0],"126":[30],"127":[0],"128":[0],"129":[0]},"fnMap":{"0":{"name":"getCurrentSchemaVersion","decl":{"start":{"line":127,"column":0},"end":{"line":160,"column":1}},"loc":{"start":{"line":127,"column":0},"end":{"line":160,"column":1}},"line":127},"1":{"name":"applyMigrations","decl":{"start":{"line":162,"column":0},"end":{"line":197,"column":1}},"loc":{"start":{"line":162,"column":0},"end":{"line":197,"column":1}},"line":162},"2":{"name":"getDb","decl":{"start":{"line":199,"column":0},"end":{"line":206,"column":1}},"loc":{"start":{"line":199,"column":0},"end":{"line":206,"column":1}},"l
[...]
ns":[{"start":{"line":1120,"column":8},"end":{"line":1120,"column":37}}]},"292":{"type":"branch","line":1121,"loc":{"start":{"line":1121,"column":21},"end":{"line":1121,"column":45}},"locations":[{"start":{"line":1121,"column":21},"end":{"line":1121,"column":45}}]},"293":{"type":"branch","line":1121,"loc":{"start":{"line":1121,"column":30},"end":{"line":1121,"column":55}},"locations":[{"start":{"line":1121,"column":30},"end":{"line":1121,"column":55}}]},"294":{"type":"branch","line":1125,"loc":{"start":{"line":1125,"column":32},"end":{"line":1131,"column":7}},"locations":[{"start":{"line":1125,"column":32},"end":{"line":1131,"column":7}}]},"295":{"type":"branch","line":1128,"loc":{"start":{"line":1128,"column":8},"end":{"line":1130,"column":9}},"locations":[{"start":{"line":1128,"column":8},"end":{"line":1130,"column":9}}]},"296":{"type":"branch","line":1132,"loc":{"start":{"line":1132,"column":4},"end":{"line":1134,"column":5}},"locations":[{"start":{"line":1132,"column":4},"end":{"line":1134,"column":5}}]},"297":{"type":"branch","line":1134,"loc":{"start":{"line":1134,"column":4},"end":{"line":1141,"column":17}},"locations":[{"start":{"line":1134,"column":4},"end":{"line":1141,"column":17}}]},"298":{"type":"branch","line":1141,"loc":{"start":{"line":1141,"column":6},"end":{"line":1141,"column":36}},"locations":[{"start":{"line":1141,"column":6},"end":{"line":1141,"column":36}}]},"299":{"type":"branch","line":1145,"loc":{"start":{"line":1145,"column":19},"end":{"line":1145,"column":43}},"locations":[{"start":{"line":1145,"column":19},"end":{"line":1145,"column":43}}]},"300":{"type":"branch","line":1145,"loc":{"start":{"line":1145,"column":28},"end":{"line":1145,"column":53}},"locations":[{"start":{"line":1145,"column":28},"end":{"line":1145,"column":53}}]},"301":{"type":"branch","line":1151,"loc":{"start":{"line":1151,"column":22},"end":{"line":1157,"column":3}},"locations":[{"start":{"line":1151,"column":22},"end":{"line":1157,"column":3}}]},"302":{"type":"branch","line":1153,"loc":{"start":{"line":1153,"column":17},"end":{"line":1153,"column":24}},"locations":[{"start":{"line":1153,"column":17},"end":{"line":1153,"column":24}}]},"303":{"type":"branch","line":1154,"loc":{"start":{"line":1154,"column":24},"end":{"line":1154,"column":45}},"locations":[{"start":{"line":1154,"column":24},"end":{"line":1154,"column":45}}]},"304":{"type":"branch","line":1154,"loc":{"start":{"line":1154,"column":45},"end":{"line":1154,"column":77}},"locations":[{"start":{"line":1154,"column":45},"end":{"line":1154,"column":77}}]},"305":{"type":"branch","line":1154,"loc":{"start":{"line":1154,"column":62},"end":{"line":1154,"column":95}},"locations":[{"start":{"line":1154,"column":62},"end":{"line":1154,"column":95}}]},"306":{"type":"branch","line":1161,"loc":{"start":{"line":1161,"column":20},"end":{"line":1163,"column":3}},"locations":[{"start":{"line":1161,"column":20},"end":{"line":1163,"column":3}}]},"307":{"type":"branch","line":1167,"loc":{"start":{"line":1167,"column":33},"end":{"line":1173,"column":3}},"locations":[{"start":{"line":1167,"column":33},"end":{"line":1173,"column":3}}]},"308":{"type":"branch","line":1169,"loc":{"start":{"line":1169,"column":17},"end":{"line":1169,"column":24}},"locations":[{"start":{"line":1169,"column":17},"end":{"line":1169,"column":24}}]},"309":{"type":"branch","line":1170,"loc":{"start":{"line":1170,"column":62},"end":{"line":1170,"column":95}},"locations":[{"start":{"line":1170,"column":62},"end":{"line":1170,"column":95}}]},"310":{"type":"branch","line":1171,"loc":{"start":{"line":1171,"column":28},"end":{"line":1171,"column":71}},"locations":[{"start":{"line":1171,"column":28},"end":{"line":1171,"column":71}}]},"311":{"type":"branch","line":1177,"loc":{"start":{"line":1177,"column":33},"end":{"line":1191,"column":3}},"locations":[{"start":{"line":1177,"column":33},"end":{"line":1191,"column":3}}]},"312":{"type":"branch","line":1179,"loc":{"start":{"line":1179,"column":17},"end":{"line":1182,"column":5}},"locations":[{"start":{"line":1179,"column":17},"end":{"line":1182,"column":5}}]},"313":{"type":"branch","line":1186,"loc":{"start":{"line":1186,"column":6},"end":{"line":1186,"column":127}},"locations":[{"start":{"line":1186,"column":6},"end":{"line":1186,"column":127}}]},"314":{"type":"branch","line":1187,"loc":{"start":{"line":1187,"column":4},"end":{"line":1190,"column":5}},"locations":[{"start":{"line":1187,"column":4},"end":{"line":1190,"column":5}}]},"315":{"type":"branch","line":1195,"loc":{"start":{"line":1195,"column":28},"end":{"line":1210,"column":3}},"locations":[{"start":{"line":1195,"column":28},"end":{"line":1210,"column":3}}]},"316":{"type":"branch","line":1197,"loc":{"start":{"line":1197,"column":17},"end":{"line":1200,"column":5}},"locations":[{"start":{"line":1197,"column":17},"end":{"line":1200,"column":5}}]},"317":{"type":"branch","line":1203,"loc":{"start":{"line":1203,"column":9},"end":{"line":1203,"column":59}},"locations":[{"start":{"line":1203,"column":9},"end":{"line":1203,"column":59}}]},"318":{"type":"branch","line":1203,"loc":{"start":{"line":1203,"column":59},"end":{"line":1206,"column":5}},"locations":[{"start":{"line":1203,"column":59},"end":{"line":1206,"column":5}}]},"319":{"type":"branch","line":1206,"loc":{"start":{"line":1206,"column":4},"end":{"line":1209,"column":15}},"locations":[{"start":{"line":1206,"column":4},"end":{"line":1209,"column":15}}]},"320":{"type":"branch","line":1209,"loc":{"start":{"line":1209,"column":4},"end":{"line":1209,"column":33}},"locations":[{"start":{"line":1209,"column":4},"end":{"line":1209,"column":33}}]},"321":{"type":"branch","line":1214,"loc":{"start":{"line":1214,"column":29},"end":{"line":1223,"column":3}},"locations":[{"start":{"line":1214,"column":29},"end":{"line":1223,"column":3}}]},"322":{"type":"branch","line":1216,"loc":{"start":{"line":1216,"column":17},"end":{"line":1216,"column":24}},"locations":[{"start":{"line":1216,"column":17},"end":{"line":1216,"column":24}}]},"323":{"type":"branch","line":1219,"loc":{"start":{"line":1219,"column":9},"end":{"line":1219,"column":59}},"locations":[{"start":{"line":1219,"column":9},"end":{"line":1219,"column":59}}]},"324":{"type":"branch","line":1219,"loc":{"start":{"line":1219,"column":59},"end":{"line":1219,"column":66}},"locations":[{"start":{"line":1219,"column":59},"end":{"line":1219,"column":66}}]},"325":{"type":"branch","line":1219,"loc":{"start":{"line":1219,"column":59},"end":{"line":1222,"column":41}},"locations":[{"start":{"line":1219,"column":59},"end":{"line":1222,"column":41}}]},"326":{"type":"branch","line":1227,"loc":{"start":{"line":1227,"column":26},"end":{"line":1233,"column":3}},"locations":[{"start":{"line":1227,"column":26},"end":{"line":1233,"column":3}}]},"327":{"type":"branch","line":1238,"loc":{"start":{"line":1238,"column":0},"end":{"line":1324,"column":1}},"locations":[{"start":{"line":1238,"column":0},"end":{"line":1324,"column":1}}]},"328":{"type":"branch","line":1240,"loc":{"start":{"line":1240,"column":12},"end":{"line":1242,"column":6}},"locations":[{"start":{"line":1240,"column":12},"end":{"line":1242,"column":6}}]},"329":{"type":"branch","line":1243,"loc":{"start":{"line":1243,"column":17},"end":{"line":1258,"column":6}},"locations":[{"start":{"line":1243,"column":17},"end":{"line":1258,"column":6}}]},"330":{"type":"branch","line":1246,"loc":{"start":{"line":1246,"column":25},"end":{"line":1246,"column":105}},"locations":[{"start":{"line":1246,"column":25},"end":{"line":1246,"column":105}}]},"331":{"type":"branch","line":1246,"loc":{"start":{"line":1246,"column":105},"end":{"line":1257,"column":7}},"locations":[{"start":{"line":1246,"column":105},"end":{"line":1257,"column":7}}]},"332":{"type":"branch","line":1259,"loc":{"start":{"line":1259,"column":16},"end":{"line":1297,"column":6}},"locations":[{"start":{"line":1259,"column":16},"end":{"line":1297,"column":6}}]},"333":{"type":"branch","line":1265,"loc":{"start":{"line":1265,"column":18},"end":{"line":1265,"column":46}},"locations":[{"start":{"line":1265,"column":18},"end":{"line":1265,"column":46}}]},"334":{"type":"branch","line":1266,"loc":{"start":{"line":1266,"column":18},"end":{"line":1266,"column":39}},"locations":[{"start":{"line":1266,"column":18},"end":{"line":1266,"column":39}}]},"335":{"type":"branch","line":1267,"loc":{"start":{"line":1267,"column":18},"end":{"line":1267,"column":47}},"locations":[{"start":{"line":1267,"column":18},"end":{"line":1267,"column":47}}]},"336":{"type":"branch","line":1268,"loc":{"start":{"line":1268,"column":18},"end":{"line":1268,"column":48}},"locations":[{"start":{"line":1268,"column":18},"end":{"line":1268,"column":48}}]},"337":{"type":"branch","line":1270,"loc":{"start":{"line":1270,"column":6},"end":{"line":1272,"column":7}},"locations":[{"start":{"line":1270,"column":6},"end":{"line":1272,"column":7}}]},"338":{"type":"branch","line":1278,"loc":{"start":{"line":1278,"column":18},"end":{"line":1278,"column":47}},"locations":[{"start":{"line":1278,"column":18},"end":{"line":1278,"column":47}}]},"339":{"type":"branch","line":1281,"loc":{"start":{"line":1281,"column":6},"end":{"line":1283,"column":7}},"locations":[{"start":{"line":1281,"column":6},"end":{"line":1283,"column":7}}]},"340":{"type":"branch","line":1301,"loc":{"start":{"line":1301,"column":20},"end":{"line":1306,"column":6}},"locations":[{"start":{"line":1301,"column":20},"end":{"line":1306,"column":6}}]},"341":{"type":"branch","line":1303,"loc":{"start":{"line":1303,"column":24},"end":{"line":1303,"column":40}},"locations":[{"start":{"line":1303,"column":24},"end":{"line":1303,"column":40}}]},"342":{"type":"branch","line":1304,"loc":{"start":{"line":1304,"column":26},"end":{"line":1304,"column":44}},"locations":[{"start":{"line":1304,"column":26},"end":{"line":1304,"column":44}}]},"343":{"type":"branch","line":1313,"loc":{"start":{"line":1313,"column":17},"end":{"line":1315,"column":6}},"locations":[{"start":{"line":1313,"column":17},"end":{"line":1315,"column":6}}]},"344":{"type":"branch","line":1330,"loc":{"start":{"line":1330,"column":0},"end":{"line":1336,"column":1}},"locations":[{"start":{"line":1330,"column":0},"end":{"line":1336,"column":1}}]},"345":{"type":"branch","line":1333,"loc":{"start":{"line":1333,"column":2},"end":{"line":1335,"column":3}},"locations":[{"start":{"line":1333,"column":2},"end":{"line":1335,"column":3}}]},"346":{"type":"branch","line":1393,"loc":{"start":{"line":1393,"column":32},"end":{"line":1395,"column":3}},"locations":[{"start":{"line":1393,"column":32},"end":{"line":1395,"column":3}}]},"347":{"type":"branch","line":1405,"loc":{"start":{"line":1405,"column":44},"end":{"line":1407,"column":3}},"locations":[{"start":{"line":1405,"column":44},"end":{"line":1407,"column":3}}]}},"b":{"0":[0],"1":[20],"2":[7],"3":[0],"4":[1],"5":[0],"6":[20],"7":[0],"8":[0],"9":[3],"10":[0],"11":[1],"12":[2],"13":[1],"14":[1],"15":[0],"16":[3],"17":[2],"18":[2],"19":[1],"20":[0],"21":[0],"22":[0],"23":[1],"24":[2],"25":[1],"26":[1],"27":[3],"28":[0],"29":[0],"30":[0],"31":[1],"32":[0],"33":[2],"34":[0],"35":[2],"36":[0],"37":[6],"38":[2],"39":[4],"40":[3],"41":[5],"42":[0],"43":[3],"44":[2],"45":[78],"46":[72],"47":[69],"48":[0],"49":[6],"50":[0],"51":[5],"52":[1],"53":[5],"54":[2],"55":[3],"56":[0],"57":[3],"58":[8],"59":[1],"60":[1],"61":[0],"62":[2],"63":[6],"64":[3],"65":[3],"66":[2],"67":[1],"68":[158],"69":[71],"70":[87],"71":[16],"72":[0],"73":[71],"74":[3],"75":[0],"76":[3],"77":[6],"78":[0],"79":[1],"80":[5],"81":[1],"82":[4],"83":[1],"84":[5],"85":[4],"86":[1],"87":[0],"88":[0],"89":[5],"90":[0],"91":[5],"92":[1],"93":[4],"94":[3],"95":[3],"96":[1],"97":[4],"98":[3],"99":[1],"100":[3],"101":[196],"102":[136],"103":[60],"104":[0],"105":[0],"106":[60],"107":[47],"108":[13],"109":[3],"110":[0],"111":[3],"112":[0],"113":[3],"114":[100],"115":[15],"116":[12],"117":[3],"118":[85],"119":[2],"120":[14],"121":[0],"122":[2],"123":[2],"124":[14],"125":[50],"126":[20],"127":[30],"128":[176],"129":[0],"130":[10],"131":[166],"132":[76],"133":[0],"134":[90],"135":[42],"136":[48],"137":[30],"138":[0],"139":[5],"140":[0],"141":[4],"142":[1],"143":[4],"144":[2],"145":[0],"146":[2],"147":[1],"148":[1],"149":[2],"150":[5],"151":[1],"152":[1],"153":[4],"154":[1],"155":[3],"156":[1],"157":[2],"158":[1],"159":[0],"160":[0],"161":[1],"162":[0],"163":[0],"164":[1],"165":[6],"166":[3],"167":[0],"168":[3],"169":[0],"170":[0],"171":[2],"172":[1],"173":[3],"174":[1],"175":[2],"176":[2],"177":[1],"178":[5],"179":[1],"180":[4],"181":[1],"182":[3],"183":[1],"184":[2],"185":[1],"186":[0],"187":[1],"188":[0],"189":[6],"190":[1],"191":[1],"192":[5],"193":[1],"194":[4],"195":[2],"196":[2],"197":[0],"198":[0],"199":[2],"200":[48],"201":[46],"202":[2],"203":[2],"204":[0],"205":[2],"206":[0],"207":[2],"208":[0],"209":[2],"210":[0],"211":[2],"212":[0],"213":[2],"214":[0],"215":[2],"216":[0],"217":[2],"218":[0],"219":[2],"220":[52],"221":[48],"222":[158],"223":[36],"224":[34],"225":[2],"226":[122],"227":[2744],"228":[346],"229":[2398],"230":[10556],"231":[10184],"232":[466],"233":[10090],"234":[7346],"235":[3136],"236":[20],"237":[2744],"238":[2742],"239":[0],"240":[2398],"241":[0],"242":[20],"243":[48],"244":[20],"245":[0],"246":[1],"247":[1],"248":[2],"249":[1],"250":[0],"251":[10],"252":[9],"253":[7],"254":[3],"255":[1],"256":[2],"257":[1],"258":[1],"259":[0],"260":[4],"261":[3],"262":[2],"263":[0],"264":[2],"265":[0],"266":[29],"267":[2],"268":[0],"269":[0],"270":[27],"271":[0],"272":[32],"273":[0],"274":[1],"275":[31],"276":[18],"277":[13],"278":[31],"279":[9],"280":[0],"281":[8],"282":[1],"283":[0],"284":[5],"285":[8],"286":[5],"287":[1],"288":[1],"289":[8],"290":[0],"291":[5],"292":[1],"293":[7],"294":[8],"295":[0],"296":[0],"297":[8],"298":[0],"299":[1],"300":[7],"301":[3],"302":[0],"303":[2],"304":[2],"305":[1],"306":[1],"307":[1],"308":[0],"309":[0],"310":[0],"311":[2],"312":[0],"313":[1],"314":[0],"315":[18],"316":[0],"317":[16],"318":[2],"319":[16],"320":[2],"321":[4],"322":[0],"323":[3],"324":[1],"325":[3],"326":[31],"327":[10],"328":[12],"329":[3],"330":[1],"331":[0],"332":[8],"333":[4],"334":[4],"335":[4],"336":[4],"337":[0],"338":[4],"339":[0],"340":[1],"341":[0],"342":[0],"343":[5],"344":[2],"345":[0],"346":[3],"347":[1]},"fnMap":{"0":{"name":"getWorkspaceForSession","decl":{"start":{"line":82,"column":0},"end":{"line":87,"column":1}},"loc":{"start":{"line":82,"column":0},"end":{"line":87,"column":1}},"line":82},"1":{"name":"scanDir","decl":{"start":{"line":522,"column":2},"end":{"line":543,"column":3}},"loc":{"start":{"line":522,"column":2},"end":{"line":543,"column":3}},"line":522},"2":{"name":"scanLangs","decl":{"start":{"line":840,"column":2},"end":{"line":864,"column":3}},"loc":{"start":{"line":840,"column":2},"end":{"line":864,"column":3}},"line":840},"3":{"name":"joinSession","decl":{"start":{"line":1030,"column":0},"end":{"line":1074,"column":1}},"loc":{"start":{"line":1030,"column":0},"end":{"line":1074,"column":1}},"line":1030},"4":{"name":"buildSocketCallbacks","decl":{"start":{"line":1238,"column":0},"end":{"line":1324,"column":1}},"loc":{"start":{"line":1238,"column":0},"end":{"line":1324,"column":1}},"line":1238},"5":{"name":"onText","decl":{"start":{"line":1240,"column":12},"end":{"line":1242,"column":6}},"loc":{"start":{"line":1240,"column":12},"end":{"line":1242,"column":6}},"line":1240},"6":{"name":"onToolEvent","decl":{"start":{"line":1243,"column":17},"end":{"line":1258,"column":6}},"loc":{"start":{"line":1243,"column":17},"end":{"line":1258,"column":6}},"line":1243},"7":{"name":"onComplete","decl":{"start":{"line":1259,"column":16},"end":{"line":1297,"column":6}},"loc":{"start":{"line":1259,"column":16},"end":{"line":1297,"column":6}},"line":1259},"8":{"name":"onError","decl":{"start":{"line":1298,"column":13},"end":{"line":1300,"column":6}},"loc":{"start":{"line":1298,"column":13},"end":{"line":1300,"column":6}},"line":1298},"9":{"name":"onUserQuestion","decl":{"start":{"line":1301,"column":20},"end":{"line":1306,"column":6}},"loc":{"start":{"line":1301,"column":20},"end":{"line":1306,"column":6}},"line":1301},"10":{"name":"onSignal","decl":{"start":{"line":1307,"column":14},"end":{"line":1309,"column":6}},"loc":{"start":{"line":1307,"column":14},"end":{"line":1309,"column":6}},"line":1307},"11":{"name":"onToolProgress","decl":{"start":{"line":1310,"column":20},"end":{"line":1312,"column":6}},"loc":{"start":{"line":1310,"column":20},"end":{"line":1312,"column":6}},"line":1310},"12":{"name":"onRateLimit","decl":{"start":{"line":1313,"column":17},"end":{"line":1315,"column":6}},"loc":{"start":{"line":1313,"column":17},"end":{"line":1315,"column":6}},"line":1313},"13":{"name":"onPromptSuggestion","decl":{"start":{"line":1316,"column":24},"end":{"line":1318,"column":6}},"loc":{"start":{"line":1316,"column":24},"end":{"line":1318,"column":6}},"line":1316},"14":{"name":"onCompactBoundary","decl":{"start":{"line":1319,"column":23},"end":{"line":1321,"column":6}},"loc":{"start":{"line":1319,"column":23},"end":{"line":1321,"column":6}},"line":1319},"15":{"name":"writePidFile","decl":{"start":{"line":1330,"column":0},"end":{"line":1336,"column":1}},"loc":{"start":{"line":1330,"column":0},"end":{"line":1336,"column":1}},"line":1330},"16":{"name":"removePidFile","decl":{"start":{"line":1338,"column":0},"end":{"line":1346,"column":1}},"loc":{"start":{"line":1338,"column":0},"end":{"line":1346,"column":1}},"line":1338},"17":{"name":"gracefulShutdown","decl":{"start":{"line":1360,"column":0},"end":{"line":1391,"column":1}},"loc":{"start":{"line":1360,"column":0},"end":{"line":1391,"column":1}},"line":1360}},"f":{"0":20,"1":50,"2":2744,"3":29,"4":10,"5":12,"6":3,"7":8,"8":0,"9":1,"10":0,"11":0,"12":5,"13":0,"14":0,"15":2,"16":0,"17":0}}
,"/Users/matifuentes/Workspace/ccplus/backend-ts/src/utils.ts": {"path":"/Users/matifuentes/Workspace/ccplus/backend-ts/src/utils.ts","all":false,"statementMap":{"0":{"start":{"line":1,"column":0},"end":{"line":1,"column":32}},"6":{"start":{"line":7,"column":0},"end":{"line":7,"column":51}},"7":{"start":{"line":8,"column":0},"end":{"line":8,"column":22}},"8":{"start":{"line":9,"column":0},"end":{"line":9,"column":52}},"9":{"start":{"line":10,"column":0},"end":{"line":10,"column":28}},"10":{"start":{"line":11,"column":0},"end":{"line":11,"column":31}},"11":{"start":{"line":12,"column":0},"end":{"line":12,"column":55}},"12":{"start":{"line":13,"column":0},"end":{"line":13,"column":4}},"13":{"start":{"line":14,"column":0},"end":{"line":14,"column":31}},"14":{"start":{"line":15,"column":0},"end":{"line":15,"column":32}},"15":{"start":{"line":16,"column":0},"end":{"line":16,"column":3}},"16":{"start":{"line":17,"column":0},"end":{"line":17,"column":7}},"17":{"start":{"line":18,"column":0},"end":{"line":18,"column":124}},"18":{"start":{"line":19,"column":0},"end":{"line":19,"column":28}},"19":{"start":{"line":20,"column":0},"end":{"line":20,"column":20}},"20":{"start":{"line":21,"column":0},"end":{"line":21,"column":31}},"21":{"start":{"line":22,"column":0},"end":{"line":22,"column":14}},"22":{"start":{"line":23,"column":0},"end":{"line":23,"column":1}}},"s":{"0":1,"6":1,"7":81,"8":81,"9":81,"10":81,"11":81,"12":81,"13":81,"14":81,"15":81,"16":0,"17":0,"18":0,"19":0,"20":81,"21":0,"22":0},"branchMap":{"0":{"type":"branch","line":7,"loc":{"start":{"line":7,"column":7},"end":{"line":23,"column":1}},"locations":[{"start":{"line":7,"column":7},"end":{"line":23,"column":1}}]},"1":{"type":"branch","line":16,"loc":{"start":{"line":16,"column":2},"end":{"line":20,"column":20}},"locations":[{"start":{"line":16,"column":2},"end":{"line":20,"column":20}}]},"2":{"type":"branch","line":21,"loc":{"start":{"line":21,"column":2},"end":{"line":23,"column":1}},"locations":[{"start":{"line":21,"column":2},"end":{"line":23,"column":1}}]}},"b":{"0":[81],"1":[0],"2":[0]},"fnMap":{"0":{"name":"findClaudeBinary","decl":{"start":{"line":7,"column":7},"end":{"line":23,"column":1}},"loc":{"start":{"line":7,"column":7},"end":{"line":23,"column":1}},"line":7}},"f":{"0":81}}
}
